{"total": {"lines":{"total":104628,"covered":62221,"skipped":0,"pct":59.46},"statements":{"total":104628,"covered":62221,"skipped":0,"pct":59.46},"functions":{"total":3433,"covered":1416,"skipped":0,"pct":41.24},"branches":{"total":9524,"covered":6912,"skipped":0,"pct":72.57},"branchesTrue":{"total":0,"covered":0,"skipped":0,"pct":100}}
,"/media/oz/work/my-code/tessallite-workspace/tessallite-workspace/tessallite/frontend/e2e-live/global-setup.ts": {"lines":{"total":131,"covered":0,"skipped":0,"pct":0},"functions":{"total":1,"covered":0,"skipped":0,"pct":0},"statements":{"total":131,"covered":0,"skipped":0,"pct":0},"branches":{"total":1,"covered":0,"skipped":0,"pct":0}}
,"/media/oz/work/my-code/tessallite-workspace/tessallite-workspace/tessallite/frontend/e2e-live/helpers.ts": {"lines":{"total":347,"covered":0,"skipped":0,"pct":0},"functions":{"total":1,"covered":0,"skipped":0,"pct":0},"statements":{"total":347,"covered":0,"skipped":0,"pct":0},"branches":{"total":1,"covered":0,"skipped":0,"pct":0}}
,"/media/oz/work/my-code/tessallite-workspace/tessallite-workspace/tessallite/frontend/e2e-live/playwright.config.ts": {"lines":{"total":56,"covered":0,"skipped":0,"pct":0},"functions":{"total":1,"covered":0,"skipped":0,"pct":0},"statements":{"total":56,"covered":0,"skipped":0,"pct":0},"branches":{"total":1,"covered":0,"skipped":0,"pct":0}}
,"/media/oz/work/my-code/tessallite-workspace/tessallite-workspace/tessallite/frontend/njs/health_and.js": {"lines":{"total":67,"covered":0,"skipped":0,"pct":0},"functions":{"total":1,"covered":0,"skipped":0,"pct":0},"statements":{"total":67,"covered":0,"skipped":0,"pct":0},"branches":{"total":1,"covered":0,"skipped":0,"pct":0}}
,"/media/oz/work/my-code/tessallite-workspace/tessallite-workspace/tessallite/frontend/public/excel-plugin/assets/index-CcpVO7V4.js": {"lines":{"total":219,"covered":0,"skipped":0,"pct":0},"functions":{"total":1,"covered":0,"skipped":0,"pct":0},"statements":{"total":219,"covered":0,"skipped":0,"pct":0},"branches":{"total":1,"covered":0,"skipped":0,"pct":0}}
,"/media/oz/work/my-code/tessallite-workspace/tessallite-workspace/tessallite/frontend/public/excel-plugin/office-js/excel-win32-16.00.js": {"lines":{"total":19,"covered":0,"skipped":0,"pct":0},"functions":{"total":1,"covered":0,"skipped":0,"pct":0},"statements":{"total":19,"covered":0,"skipped":0,"pct":0},"branches":{"total":1,"covered":0,"skipped":0,"pct":0}}
,"/media/oz/work/my-code/tessallite-workspace/tessallite-workspace/tessallite/frontend/public/excel-plugin/office-js/excel-win32-16.01-core.js": {"lines":{"total":11,"covered":0,"skipped":0,"pct":0},"functions":{"total":1,"covered":0,"skipped":0,"pct":0},"statements":{"total":11,"covered":0,"skipped":0,"pct":0},"branches":{"total":1,"covered":0,"skipped":0,"pct":0}}
,"/media/oz/work/my-code/tessallite-workspace/tessallite-workspace/tessallite/frontend/public/excel-plugin/office-js/excel-win32-16.01.js": {"lines":{"total":25,"covered":0,"skipped":0,"pct":0},"functions":{"total":1,"covered":0,"skipped":0,"pct":0},"statements":{"total":25,"covered":0,"skipped":0,"pct":0},"branches":{"total":1,"covered":0,"skipped":0,"pct":0}}
,"/media/oz/work/my-code/tessallite-workspace/tessallite-workspace/tessallite/frontend/public/excel-plugin/office-js/office.js": {"lines":{"total":84,"covered":0,"skipped":0,"pct":0},"functions":{"total":1,"covered":0,"skipped":0,"pct":0},"statements":{"total":84,"covered":0,"skipped":0,"pct":0},"branches":{"total":1,"covered":0,"skipped":0,"pct":0}}
,"/media/oz/work/my-code/tessallite-workspace/tessallite-workspace/tessallite/frontend/public/excel-plugin/office-js/en-us/office_strings.debug.js": {"lines":{"total":217,"covered":0,"skipped":0,"pct":0},"functions":{"total":1,"covered":0,"skipped":0,"pct":0},"statements":{"total":217,"covered":0,"skipped":0,"pct":0},"branches":{"total":1,"covered":0,"skipped":0,"pct":0}}
,"/media/oz/work/my-code/tessallite-workspace/tessallite-workspace/tessallite/frontend/public/excel-plugin/office-js/en-us/office_strings.js": {"lines":{"total":8,"covered":0,"skipped":0,"pct":0},"functions":{"total":1,"covered":0,"skipped":0,"pct":0},"statements":{"total":8,"covered":0,"skipped":0,"pct":0},"branches":{"total":1,"covered":0,"skipped":0,"pct":0}}
,"/media/oz/work/my-code/tessallite-workspace/tessallite-workspace/tessallite/frontend/public/excel-plugin/office-js/en-us/outlook_strings.debug.js": {"lines":{"total":87,"covered":0,"skipped":0,"pct":0},"functions":{"total":1,"covered":0,"skipped":0,"pct":0},"statements":{"total":87,"covered":0,"skipped":0,"pct":0},"branches":{"total":1,"covered":0,"skipped":0,"pct":0}}
,"/media/oz/work/my-code/tessallite-workspace/tessallite-workspace/tessallite/frontend/public/excel-plugin/office-js/en-us/outlook_strings.js": {"lines":{"total":8,"covered":0,"skipped":0,"pct":0},"functions":{"total":1,"covered":0,"skipped":0,"pct":0},"statements":{"total":8,"covered":0,"skipped":0,"pct":0},"branches":{"total":1,"covered":0,"skipped":0,"pct":0}}
,"/media/oz/work/my-code/tessallite-workspace/tessallite-workspace/tessallite/frontend/scripts/link-shared-ui.js": {"lines":{"total":66,"covered":0,"skipped":0,"pct":0},"functions":{"total":1,"covered":0,"skipped":0,"pct":0},"statements":{"total":66,"covered":0,"skipped":0,"pct":0},"branches":{"total":1,"covered":0,"skipped":0,"pct":0}}
,"/media/oz/work/my-code/tessallite-workspace/tessallite-workspace/tessallite/frontend/src/App.tsx": {"lines":{"total":198,"covered":0,"skipped":0,"pct":0},"functions":{"total":1,"covered":0,"skipped":0,"pct":0},"statements":{"total":198,"covered":0,"skipped":0,"pct":0},"branches":{"total":1,"covered":0,"skipped":0,"pct":0}}
,"/media/oz/work/my-code/tessallite-workspace/tessallite-workspace/tessallite/frontend/src/main.tsx": {"lines":{"total":185,"covered":0,"skipped":0,"pct":0},"functions":{"total":1,"covered":0,"skipped":0,"pct":0},"statements":{"total":185,"covered":0,"skipped":0,"pct":0},"branches":{"total":1,"covered":0,"skipped":0,"pct":0}}
,"/media/oz/work/my-code/tessallite-workspace/tessallite-workspace/tessallite/frontend/src/api/agentApi.ts": {"lines":{"total":775,"covered":490,"skipped":0,"pct":63.22},"functions":{"total":45,"covered":0,"skipped":0,"pct":0},"statements":{"total":775,"covered":490,"skipped":0,"pct":63.22},"branches":{"total":0,"covered":0,"skipped":0,"pct":100}}
,"/media/oz/work/my-code/tessallite-workspace/tessallite-workspace/tessallite/frontend/src/api/agentChatAdapter.ts": {"lines":{"total":205,"covered":127,"skipped":0,"pct":61.95},"functions":{"total":16,"covered":6,"skipped":0,"pct":37.5},"statements":{"total":205,"covered":127,"skipped":0,"pct":61.95},"branches":{"total":20,"covered":15,"skipped":0,"pct":75}}
,"/media/oz/work/my-code/tessallite-workspace/tessallite-workspace/tessallite/frontend/src/api/apiBase.ts": {"lines":{"total":87,"covered":84,"skipped":0,"pct":96.55},"functions":{"total":7,"covered":6,"skipped":0,"pct":85.71},"statements":{"total":87,"covered":84,"skipped":0,"pct":96.55},"branches":{"total":10,"covered":9,"skipped":0,"pct":90}}
,"/media/oz/work/my-code/tessallite-workspace/tessallite-workspace/tessallite/frontend/src/api/auth.ts": {"lines":{"total":40,"covered":17,"skipped":0,"pct":42.5},"functions":{"total":6,"covered":1,"skipped":0,"pct":16.66},"statements":{"total":40,"covered":17,"skipped":0,"pct":42.5},"branches":{"total":1,"covered":1,"skipped":0,"pct":100}}
,"/media/oz/work/my-code/tessallite-workspace/tessallite-workspace/tessallite/frontend/src/api/client.ts": {"lines":{"total":4133,"covered":1533,"skipped":0,"pct":37.09},"functions":{"total":431,"covered":7,"skipped":0,"pct":1.62},"statements":{"total":4133,"covered":1533,"skipped":0,"pct":37.09},"branches":{"total":51,"covered":40,"skipped":0,"pct":78.43}}
,"/media/oz/work/my-code/tessallite-workspace/tessallite-workspace/tessallite/frontend/src/api/displayConfig.ts": {"lines":{"total":16,"covered":16,"skipped":0,"pct":100},"functions":{"total":0,"covered":0,"skipped":0,"pct":100},"statements":{"total":16,"covered":16,"skipped":0,"pct":100},"branches":{"total":0,"covered":0,"skipped":0,"pct":100}}
,"/media/oz/work/my-code/tessallite-workspace/tessallite-workspace/tessallite/frontend/src/api/hooks.ts": {"lines":{"total":1019,"covered":571,"skipped":0,"pct":56.03},"functions":{"total":83,"covered":47,"skipped":0,"pct":56.62},"statements":{"total":1019,"covered":571,"skipped":0,"pct":56.03},"branches":{"total":69,"covered":69,"skipped":0,"pct":100}}
,"/media/oz/work/my-code/tessallite-workspace/tessallite-workspace/tessallite/frontend/src/api/importExportApi.ts": {"lines":{"total":347,"covered":265,"skipped":0,"pct":76.36},"functions":{"total":14,"covered":0,"skipped":0,"pct":0},"statements":{"total":347,"covered":265,"skipped":0,"pct":76.36},"branches":{"total":0,"covered":0,"skipped":0,"pct":100}}
,"/media/oz/work/my-code/tessallite-workspace/tessallite-workspace/tessallite/frontend/src/api/measureFormat.ts": {"lines":{"total":90,"covered":88,"skipped":0,"pct":97.77},"functions":{"total":2,"covered":2,"skipped":0,"pct":100},"statements":{"total":90,"covered":88,"skipped":0,"pct":97.77},"branches":{"total":19,"covered":18,"skipped":0,"pct":94.73}}
,"/media/oz/work/my-code/tessallite-workspace/tessallite-workspace/tessallite/frontend/src/api/systemDefaults.ts": {"lines":{"total":170,"covered":122,"skipped":0,"pct":71.76},"functions":{"total":6,"covered":4,"skipped":0,"pct":66.66},"statements":{"total":170,"covered":122,"skipped":0,"pct":71.76},"branches":{"total":16,"covered":8,"skipped":0,"pct":50}}
,"/media/oz/work/my-code/tessallite-workspace/tessallite-workspace/tessallite/frontend/src/api/types.ts": {"lines":{"total":16,"covered":16,"skipped":0,"pct":100},"functions":{"total":0,"covered":0,"skipped":0,"pct":100},"statements":{"total":16,"covered":16,"skipped":0,"pct":100},"branches":{"total":0,"covered":0,"skipped":0,"pct":100}}
,"/media/oz/work/my-code/tessallite-workspace/tessallite-workspace/tessallite/frontend/src/api/versionsApi.ts": {"lines":{"total":278,"covered":211,"skipped":0,"pct":75.89},"functions":{"total":18,"covered":4,"skipped":0,"pct":22.22},"statements":{"total":278,"covered":211,"skipped":0,"pct":75.89},"branches":{"total":35,"covered":30,"skipped":0,"pct":85.71}}
,"/media/oz/work/my-code/tessallite-workspace/tessallite-workspace/tessallite/frontend/src/api/types_domains/aggregates_pockets.ts": {"lines":{"total":273,"covered":273,"skipped":0,"pct":100},"functions":{"total":0,"covered":0,"skipped":0,"pct":100},"statements":{"total":273,"covered":273,"skipped":0,"pct":100},"branches":{"total":0,"covered":0,"skipped":0,"pct":100}}
,"/media/oz/work/my-code/tessallite-workspace/tessallite-workspace/tessallite/frontend/src/api/types_domains/ai_admin.ts": {"lines":{"total":572,"covered":572,"skipped":0,"pct":100},"functions":{"total":0,"covered":0,"skipped":0,"pct":100},"statements":{"total":572,"covered":572,"skipped":0,"pct":100},"branches":{"total":0,"covered":0,"skipped":0,"pct":100}}
,"/media/oz/work/my-code/tessallite-workspace/tessallite-workspace/tessallite/frontend/src/api/types_domains/auth_core.ts": {"lines":{"total":138,"covered":138,"skipped":0,"pct":100},"functions":{"total":0,"covered":0,"skipped":0,"pct":100},"statements":{"total":138,"covered":138,"skipped":0,"pct":100},"branches":{"total":0,"covered":0,"skipped":0,"pct":100}}
,"/media/oz/work/my-code/tessallite-workspace/tessallite-workspace/tessallite/frontend/src/api/types_domains/collibra.ts": {"lines":{"total":149,"covered":149,"skipped":0,"pct":100},"functions":{"total":0,"covered":0,"skipped":0,"pct":100},"statements":{"total":149,"covered":149,"skipped":0,"pct":100},"branches":{"total":0,"covered":0,"skipped":0,"pct":100}}
,"/media/oz/work/my-code/tessallite-workspace/tessallite-workspace/tessallite/frontend/src/api/types_domains/connections_models.ts": {"lines":{"total":97,"covered":97,"skipped":0,"pct":100},"functions":{"total":0,"covered":0,"skipped":0,"pct":100},"statements":{"total":97,"covered":97,"skipped":0,"pct":100},"branches":{"total":0,"covered":0,"skipped":0,"pct":100}}
,"/media/oz/work/my-code/tessallite-workspace/tessallite-workspace/tessallite/frontend/src/api/types_domains/dimensions.ts": {"lines":{"total":574,"covered":574,"skipped":0,"pct":100},"functions":{"total":0,"covered":0,"skipped":0,"pct":100},"statements":{"total":574,"covered":574,"skipped":0,"pct":100},"branches":{"total":0,"covered":0,"skipped":0,"pct":100}}
,"/media/oz/work/my-code/tessallite-workspace/tessallite-workspace/tessallite/frontend/src/api/types_domains/drill_refresh.ts": {"lines":{"total":317,"covered":317,"skipped":0,"pct":100},"functions":{"total":0,"covered":0,"skipped":0,"pct":100},"statements":{"total":317,"covered":317,"skipped":0,"pct":100},"branches":{"total":0,"covered":0,"skipped":0,"pct":100}}
,"/media/oz/work/my-code/tessallite-workspace/tessallite-workspace/tessallite/frontend/src/api/types_domains/governance_impact.ts": {"lines":{"total":525,"covered":525,"skipped":0,"pct":100},"functions":{"total":0,"covered":0,"skipped":0,"pct":100},"statements":{"total":525,"covered":525,"skipped":0,"pct":100},"branches":{"total":0,"covered":0,"skipped":0,"pct":100}}
,"/media/oz/work/my-code/tessallite-workspace/tessallite-workspace/tessallite/frontend/src/api/types_domains/kpis.ts": {"lines":{"total":604,"covered":604,"skipped":0,"pct":100},"functions":{"total":0,"covered":0,"skipped":0,"pct":100},"statements":{"total":604,"covered":604,"skipped":0,"pct":100},"branches":{"total":0,"covered":0,"skipped":0,"pct":100}}
,"/media/oz/work/my-code/tessallite-workspace/tessallite-workspace/tessallite/frontend/src/api/types_domains/model_impact.ts": {"lines":{"total":143,"covered":143,"skipped":0,"pct":100},"functions":{"total":0,"covered":0,"skipped":0,"pct":100},"statements":{"total":143,"covered":143,"skipped":0,"pct":100},"branches":{"total":0,"covered":0,"skipped":0,"pct":100}}
,"/media/oz/work/my-code/tessallite-workspace/tessallite-workspace/tessallite/frontend/src/api/types_domains/profiling.ts": {"lines":{"total":64,"covered":64,"skipped":0,"pct":100},"functions":{"total":0,"covered":0,"skipped":0,"pct":100},"statements":{"total":64,"covered":64,"skipped":0,"pct":100},"branches":{"total":0,"covered":0,"skipped":0,"pct":100}}
,"/media/oz/work/my-code/tessallite-workspace/tessallite-workspace/tessallite/frontend/src/api/types_domains/query_catalogue.ts": {"lines":{"total":50,"covered":50,"skipped":0,"pct":100},"functions":{"total":0,"covered":0,"skipped":0,"pct":100},"statements":{"total":50,"covered":50,"skipped":0,"pct":100},"branches":{"total":0,"covered":0,"skipped":0,"pct":100}}
,"/media/oz/work/my-code/tessallite-workspace/tessallite-workspace/tessallite/frontend/src/api/types_domains/scratchpad.ts": {"lines":{"total":67,"covered":67,"skipped":0,"pct":100},"functions":{"total":0,"covered":0,"skipped":0,"pct":100},"statements":{"total":67,"covered":67,"skipped":0,"pct":100},"branches":{"total":0,"covered":0,"skipped":0,"pct":100}}
,"/media/oz/work/my-code/tessallite-workspace/tessallite-workspace/tessallite/frontend/src/api/types_domains/solidatus.ts": {"lines":{"total":124,"covered":124,"skipped":0,"pct":100},"functions":{"total":0,"covered":0,"skipped":0,"pct":100},"statements":{"total":124,"covered":124,"skipped":0,"pct":100},"branches":{"total":0,"covered":0,"skipped":0,"pct":100}}
,"/media/oz/work/my-code/tessallite-workspace/tessallite-workspace/tessallite/frontend/src/api/types_domains/sources_schema.ts": {"lines":{"total":579,"covered":579,"skipped":0,"pct":100},"functions":{"total":0,"covered":0,"skipped":0,"pct":100},"statements":{"total":579,"covered":579,"skipped":0,"pct":100},"branches":{"total":0,"covered":0,"skipped":0,"pct":100}}
,"/media/oz/work/my-code/tessallite-workspace/tessallite-workspace/tessallite/frontend/src/auth/currentUser.ts": {"lines":{"total":58,"covered":55,"skipped":0,"pct":94.82},"functions":{"total":4,"covered":4,"skipped":0,"pct":100},"statements":{"total":58,"covered":55,"skipped":0,"pct":94.82},"branches":{"total":12,"covered":10,"skipped":0,"pct":83.33}}
,"/media/oz/work/my-code/tessallite-workspace/tessallite-workspace/tessallite/frontend/src/auth/explorerPrivileges.ts": {"lines":{"total":78,"covered":76,"skipped":0,"pct":97.43},"functions":{"total":1,"covered":1,"skipped":0,"pct":100},"statements":{"total":78,"covered":76,"skipped":0,"pct":97.43},"branches":{"total":4,"covered":3,"skipped":0,"pct":75}}
,"/media/oz/work/my-code/tessallite-workspace/tessallite-workspace/tessallite/frontend/src/auth/passwordPolicy.ts": {"lines":{"total":43,"covered":43,"skipped":0,"pct":100},"functions":{"total":2,"covered":2,"skipped":0,"pct":100},"statements":{"total":43,"covered":43,"skipped":0,"pct":100},"branches":{"total":6,"covered":6,"skipped":0,"pct":100}}
,"/media/oz/work/my-code/tessallite-workspace/tessallite-workspace/tessallite/frontend/src/auth/useCanAuthorModel.ts": {"lines":{"total":24,"covered":24,"skipped":0,"pct":100},"functions":{"total":1,"covered":1,"skipped":0,"pct":100},"statements":{"total":24,"covered":24,"skipped":0,"pct":100},"branches":{"total":2,"covered":2,"skipped":0,"pct":100}}
,"/media/oz/work/my-code/tessallite-workspace/tessallite-workspace/tessallite/frontend/src/components/AdvisoryPanel.tsx": {"lines":{"total":144,"covered":144,"skipped":0,"pct":100},"functions":{"total":3,"covered":3,"skipped":0,"pct":100},"statements":{"total":144,"covered":144,"skipped":0,"pct":100},"branches":{"total":23,"covered":21,"skipped":0,"pct":91.3}}
,"/media/oz/work/my-code/tessallite-workspace/tessallite-workspace/tessallite/frontend/src/components/AggregateEstimate.tsx": {"lines":{"total":119,"covered":108,"skipped":0,"pct":90.75},"functions":{"total":1,"covered":1,"skipped":0,"pct":100},"statements":{"total":119,"covered":108,"skipped":0,"pct":90.75},"branches":{"total":11,"covered":4,"skipped":0,"pct":36.36}}
,"/media/oz/work/my-code/tessallite-workspace/tessallite-workspace/tessallite/frontend/src/components/CalendarBindingHint.tsx": {"lines":{"total":60,"covered":0,"skipped":0,"pct":0},"functions":{"total":1,"covered":0,"skipped":0,"pct":0},"statements":{"total":60,"covered":0,"skipped":0,"pct":0},"branches":{"total":1,"covered":0,"skipped":0,"pct":0}}
,"/media/oz/work/my-code/tessallite-workspace/tessallite-workspace/tessallite/frontend/src/components/CalendarTableDialog.tsx": {"lines":{"total":645,"covered":486,"skipped":0,"pct":75.34},"functions":{"total":30,"covered":16,"skipped":0,"pct":53.33},"statements":{"total":645,"covered":486,"skipped":0,"pct":75.34},"branches":{"total":72,"covered":51,"skipped":0,"pct":70.83}}
,"/media/oz/work/my-code/tessallite-workspace/tessallite-workspace/tessallite/frontend/src/components/ChunkErrorBoundary.tsx": {"lines":{"total":82,"covered":0,"skipped":0,"pct":0},"functions":{"total":1,"covered":0,"skipped":0,"pct":0},"statements":{"total":82,"covered":0,"skipped":0,"pct":0},"branches":{"total":1,"covered":0,"skipped":0,"pct":0}}
,"/media/oz/work/my-code/tessallite-workspace/tessallite-workspace/tessallite/frontend/src/components/EditionBadge.tsx": {"lines":{"total":85,"covered":80,"skipped":0,"pct":94.11},"functions":{"total":1,"covered":1,"skipped":0,"pct":100},"statements":{"total":85,"covered":80,"skipped":0,"pct":94.11},"branches":{"total":21,"covered":16,"skipped":0,"pct":76.19}}
,"/media/oz/work/my-code/tessallite-workspace/tessallite-workspace/tessallite/frontend/src/components/HelpIconButton.tsx": {"lines":{"total":29,"covered":29,"skipped":0,"pct":100},"functions":{"total":1,"covered":1,"skipped":0,"pct":100},"statements":{"total":29,"covered":29,"skipped":0,"pct":100},"branches":{"total":1,"covered":1,"skipped":0,"pct":100}}
,"/media/oz/work/my-code/tessallite-workspace/tessallite-workspace/tessallite/frontend/src/components/Layout.tsx": {"lines":{"total":254,"covered":0,"skipped":0,"pct":0},"functions":{"total":1,"covered":0,"skipped":0,"pct":0},"statements":{"total":254,"covered":0,"skipped":0,"pct":0},"branches":{"total":1,"covered":0,"skipped":0,"pct":0}}
,"/media/oz/work/my-code/tessallite-workspace/tessallite-workspace/tessallite/frontend/src/components/LicenseAndEdition.tsx": {"lines":{"total":306,"covered":289,"skipped":0,"pct":94.44},"functions":{"total":4,"covered":4,"skipped":0,"pct":100},"statements":{"total":306,"covered":289,"skipped":0,"pct":94.44},"branches":{"total":61,"covered":49,"skipped":0,"pct":80.32}}
,"/media/oz/work/my-code/tessallite-workspace/tessallite-workspace/tessallite/frontend/src/components/LicenseManagerCard.tsx": {"lines":{"total":259,"covered":251,"skipped":0,"pct":96.91},"functions":{"total":17,"covered":15,"skipped":0,"pct":88.23},"statements":{"total":259,"covered":251,"skipped":0,"pct":96.91},"branches":{"total":57,"covered":48,"skipped":0,"pct":84.21}}
,"/media/oz/work/my-code/tessallite-workspace/tessallite-workspace/tessallite/frontend/src/components/LineageGraph.tsx": {"lines":{"total":322,"covered":0,"skipped":0,"pct":0},"functions":{"total":1,"covered":0,"skipped":0,"pct":0},"statements":{"total":322,"covered":0,"skipped":0,"pct":0},"branches":{"total":1,"covered":0,"skipped":0,"pct":0}}
,"/media/oz/work/my-code/tessallite-workspace/tessallite-workspace/tessallite/frontend/src/components/LocaleSelector.tsx": {"lines":{"total":96,"covered":0,"skipped":0,"pct":0},"functions":{"total":1,"covered":0,"skipped":0,"pct":0},"statements":{"total":96,"covered":0,"skipped":0,"pct":0},"branches":{"total":1,"covered":0,"skipped":0,"pct":0}}
,"/media/oz/work/my-code/tessallite-workspace/tessallite-workspace/tessallite/frontend/src/components/RequireAuth.tsx": {"lines":{"total":158,"covered":135,"skipped":0,"pct":85.44},"functions":{"total":3,"covered":3,"skipped":0,"pct":100},"statements":{"total":158,"covered":135,"skipped":0,"pct":85.44},"branches":{"total":28,"covered":28,"skipped":0,"pct":100}}
,"/media/oz/work/my-code/tessallite-workspace/tessallite-workspace/tessallite/frontend/src/components/SessionExpiredOverlay.tsx": {"lines":{"total":69,"covered":0,"skipped":0,"pct":0},"functions":{"total":1,"covered":0,"skipped":0,"pct":0},"statements":{"total":69,"covered":0,"skipped":0,"pct":0},"branches":{"total":1,"covered":0,"skipped":0,"pct":0}}
,"/media/oz/work/my-code/tessallite-workspace/tessallite-workspace/tessallite/frontend/src/components/StaleBundleGuard.tsx": {"lines":{"total":81,"covered":72,"skipped":0,"pct":88.88},"functions":{"total":8,"covered":6,"skipped":0,"pct":75},"statements":{"total":81,"covered":72,"skipped":0,"pct":88.88},"branches":{"total":14,"covered":11,"skipped":0,"pct":78.57}}
,"/media/oz/work/my-code/tessallite-workspace/tessallite-workspace/tessallite/frontend/src/components/TableAnalysisDialog.tsx": {"lines":{"total":350,"covered":334,"skipped":0,"pct":95.42},"functions":{"total":8,"covered":5,"skipped":0,"pct":62.5},"statements":{"total":350,"covered":334,"skipped":0,"pct":95.42},"branches":{"total":52,"covered":41,"skipped":0,"pct":78.84}}
,"/media/oz/work/my-code/tessallite-workspace/tessallite-workspace/tessallite/frontend/src/components/connectionFields.ts": {"lines":{"total":245,"covered":245,"skipped":0,"pct":100},"functions":{"total":3,"covered":3,"skipped":0,"pct":100},"statements":{"total":245,"covered":245,"skipped":0,"pct":100},"branches":{"total":24,"covered":19,"skipped":0,"pct":79.16}}
,"/media/oz/work/my-code/tessallite-workspace/tessallite-workspace/tessallite/frontend/src/components/renderConnFields.tsx": {"lines":{"total":157,"covered":127,"skipped":0,"pct":80.89},"functions":{"total":7,"covered":1,"skipped":0,"pct":14.28},"statements":{"total":157,"covered":127,"skipped":0,"pct":80.89},"branches":{"total":18,"covered":16,"skipped":0,"pct":88.88}}
,"/media/oz/work/my-code/tessallite-workspace/tessallite-workspace/tessallite/frontend/src/components/Admin/DemoReseedButton.tsx": {"lines":{"total":97,"covered":0,"skipped":0,"pct":0},"functions":{"total":1,"covered":0,"skipped":0,"pct":0},"statements":{"total":97,"covered":0,"skipped":0,"pct":0},"branches":{"total":1,"covered":0,"skipped":0,"pct":0}}
,"/media/oz/work/my-code/tessallite-workspace/tessallite-workspace/tessallite/frontend/src/components/Admin/EmbedTokensPanel.tsx": {"lines":{"total":102,"covered":97,"skipped":0,"pct":95.09},"functions":{"total":4,"covered":3,"skipped":0,"pct":75},"statements":{"total":102,"covered":97,"skipped":0,"pct":95.09},"branches":{"total":12,"covered":11,"skipped":0,"pct":91.66}}
,"/media/oz/work/my-code/tessallite-workspace/tessallite-workspace/tessallite/frontend/src/components/Admin/GitSettingsPanel.tsx": {"lines":{"total":166,"covered":146,"skipped":0,"pct":87.95},"functions":{"total":11,"covered":6,"skipped":0,"pct":54.54},"statements":{"total":166,"covered":146,"skipped":0,"pct":87.95},"branches":{"total":24,"covered":19,"skipped":0,"pct":79.16}}
,"/media/oz/work/my-code/tessallite-workspace/tessallite-workspace/tessallite/frontend/src/components/Admin/SecurityAuditPanel.tsx": {"lines":{"total":148,"covered":85,"skipped":0,"pct":57.43},"functions":{"total":6,"covered":3,"skipped":0,"pct":50},"statements":{"total":148,"covered":85,"skipped":0,"pct":57.43},"branches":{"total":12,"covered":11,"skipped":0,"pct":91.66}}
,"/media/oz/work/my-code/tessallite-workspace/tessallite-workspace/tessallite/frontend/src/components/Admin/SsoSettingsPanel.tsx": {"lines":{"total":172,"covered":139,"skipped":0,"pct":80.81},"functions":{"total":10,"covered":3,"skipped":0,"pct":30},"statements":{"total":172,"covered":139,"skipped":0,"pct":80.81},"branches":{"total":30,"covered":23,"skipped":0,"pct":76.66}}
,"/media/oz/work/my-code/tessallite-workspace/tessallite-workspace/tessallite/frontend/src/components/Admin/UsersAccessPanel.tsx": {"lines":{"total":681,"covered":521,"skipped":0,"pct":76.5},"functions":{"total":34,"covered":20,"skipped":0,"pct":58.82},"statements":{"total":681,"covered":521,"skipped":0,"pct":76.5},"branches":{"total":92,"covered":67,"skipped":0,"pct":72.82}}
,"/media/oz/work/my-code/tessallite-workspace/tessallite-workspace/tessallite/frontend/src/components/Admin/grantAccessWithSupersede.ts": {"lines":{"total":57,"covered":57,"skipped":0,"pct":100},"functions":{"total":1,"covered":1,"skipped":0,"pct":100},"statements":{"total":57,"covered":57,"skipped":0,"pct":100},"branches":{"total":4,"covered":4,"skipped":0,"pct":100}}
,"/media/oz/work/my-code/tessallite-workspace/tessallite-workspace/tessallite/frontend/src/components/Aggregates/AggregateCard.tsx": {"lines":{"total":304,"covered":253,"skipped":0,"pct":83.22},"functions":{"total":7,"covered":3,"skipped":0,"pct":42.85},"statements":{"total":304,"covered":253,"skipped":0,"pct":83.22},"branches":{"total":35,"covered":20,"skipped":0,"pct":57.14}}
,"/media/oz/work/my-code/tessallite-workspace/tessallite-workspace/tessallite/frontend/src/components/Aggregates/PredictiveControls.tsx": {"lines":{"total":235,"covered":208,"skipped":0,"pct":88.51},"functions":{"total":9,"covered":2,"skipped":0,"pct":22.22},"statements":{"total":235,"covered":208,"skipped":0,"pct":88.51},"branches":{"total":14,"covered":4,"skipped":0,"pct":28.57}}
,"/media/oz/work/my-code/tessallite-workspace/tessallite-workspace/tessallite/frontend/src/components/Aggregates/SmartBuilderSection.tsx": {"lines":{"total":440,"covered":417,"skipped":0,"pct":94.77},"functions":{"total":11,"covered":4,"skipped":0,"pct":36.36},"statements":{"total":440,"covered":417,"skipped":0,"pct":94.77},"branches":{"total":43,"covered":36,"skipped":0,"pct":83.72}}
,"/media/oz/work/my-code/tessallite-workspace/tessallite-workspace/tessallite/frontend/src/components/Builder/Canvas.tsx": {"lines":{"total":1968,"covered":1002,"skipped":0,"pct":50.91},"functions":{"total":36,"covered":11,"skipped":0,"pct":30.55},"statements":{"total":1968,"covered":1002,"skipped":0,"pct":50.91},"branches":{"total":159,"covered":101,"skipped":0,"pct":63.52}}
,"/media/oz/work/my-code/tessallite-workspace/tessallite-workspace/tessallite/frontend/src/components/Builder/CrowsFootEdge.tsx": {"lines":{"total":739,"covered":138,"skipped":0,"pct":18.67},"functions":{"total":24,"covered":0,"skipped":0,"pct":0},"statements":{"total":739,"covered":138,"skipped":0,"pct":18.67},"branches":{"total":0,"covered":0,"skipped":0,"pct":100}}
,"/media/oz/work/my-code/tessallite-workspace/tessallite-workspace/tessallite/frontend/src/components/Builder/DataPreviewPanel.tsx": {"lines":{"total":207,"covered":39,"skipped":0,"pct":18.84},"functions":{"total":1,"covered":0,"skipped":0,"pct":0},"statements":{"total":207,"covered":39,"skipped":0,"pct":18.84},"branches":{"total":0,"covered":0,"skipped":0,"pct":100}}
,"/media/oz/work/my-code/tessallite-workspace/tessallite-workspace/tessallite/frontend/src/components/Builder/DimensionCalendarAssociation.tsx": {"lines":{"total":268,"covered":0,"skipped":0,"pct":0},"functions":{"total":1,"covered":0,"skipped":0,"pct":0},"statements":{"total":268,"covered":0,"skipped":0,"pct":0},"branches":{"total":1,"covered":0,"skipped":0,"pct":0}}
,"/media/oz/work/my-code/tessallite-workspace/tessallite-workspace/tessallite/frontend/src/components/Builder/Drawer.tsx": {"lines":{"total":208,"covered":202,"skipped":0,"pct":97.11},"functions":{"total":2,"covered":2,"skipped":0,"pct":100},"statements":{"total":208,"covered":202,"skipped":0,"pct":97.11},"branches":{"total":21,"covered":16,"skipped":0,"pct":76.19}}
,"/media/oz/work/my-code/tessallite-workspace/tessallite-workspace/tessallite/frontend/src/components/Builder/ERDTableNode.tsx": {"lines":{"total":976,"covered":166,"skipped":0,"pct":17},"functions":{"total":11,"covered":0,"skipped":0,"pct":0},"statements":{"total":976,"covered":166,"skipped":0,"pct":17},"branches":{"total":0,"covered":0,"skipped":0,"pct":100}}
,"/media/oz/work/my-code/tessallite-workspace/tessallite-workspace/tessallite/frontend/src/components/Builder/GitTimeline.tsx": {"lines":{"total":248,"covered":243,"skipped":0,"pct":97.98},"functions":{"total":10,"covered":7,"skipped":0,"pct":70},"statements":{"total":248,"covered":243,"skipped":0,"pct":97.98},"branches":{"total":35,"covered":26,"skipped":0,"pct":74.28}}
,"/media/oz/work/my-code/tessallite-workspace/tessallite-workspace/tessallite/frontend/src/components/Builder/MiniTabs.tsx": {"lines":{"total":34,"covered":15,"skipped":0,"pct":44.11},"functions":{"total":1,"covered":0,"skipped":0,"pct":0},"statements":{"total":34,"covered":15,"skipped":0,"pct":44.11},"branches":{"total":0,"covered":0,"skipped":0,"pct":100}}
,"/media/oz/work/my-code/tessallite-workspace/tessallite-workspace/tessallite/frontend/src/components/Builder/NotificationBell.tsx": {"lines":{"total":125,"covered":123,"skipped":0,"pct":98.4},"functions":{"total":3,"covered":2,"skipped":0,"pct":66.66},"statements":{"total":125,"covered":123,"skipped":0,"pct":98.4},"branches":{"total":12,"covered":12,"skipped":0,"pct":100}}
,"/media/oz/work/my-code/tessallite-workspace/tessallite-workspace/tessallite/frontend/src/components/Builder/PanelErrorBoundary.tsx": {"lines":{"total":50,"covered":43,"skipped":0,"pct":86},"functions":{"total":5,"covered":2,"skipped":0,"pct":40},"statements":{"total":50,"covered":43,"skipped":0,"pct":86},"branches":{"total":4,"covered":2,"skipped":0,"pct":50}}
,"/media/oz/work/my-code/tessallite-workspace/tessallite-workspace/tessallite/frontend/src/components/Builder/PendingChangesPanel.tsx": {"lines":{"total":329,"covered":291,"skipped":0,"pct":88.44},"functions":{"total":16,"covered":11,"skipped":0,"pct":68.75},"statements":{"total":329,"covered":291,"skipped":0,"pct":88.44},"branches":{"total":53,"covered":42,"skipped":0,"pct":79.24}}
,"/media/oz/work/my-code/tessallite-workspace/tessallite-workspace/tessallite/frontend/src/components/Builder/PipelineDiagram.tsx": {"lines":{"total":418,"covered":0,"skipped":0,"pct":0},"functions":{"total":1,"covered":0,"skipped":0,"pct":0},"statements":{"total":418,"covered":0,"skipped":0,"pct":0},"branches":{"total":1,"covered":0,"skipped":0,"pct":0}}
,"/media/oz/work/my-code/tessallite-workspace/tessallite-workspace/tessallite/frontend/src/components/Builder/SaveVersionDialog.tsx": {"lines":{"total":143,"covered":140,"skipped":0,"pct":97.9},"functions":{"total":5,"covered":5,"skipped":0,"pct":100},"statements":{"total":143,"covered":140,"skipped":0,"pct":97.9},"branches":{"total":21,"covered":18,"skipped":0,"pct":85.71}}
,"/media/oz/work/my-code/tessallite-workspace/tessallite-workspace/tessallite/frontend/src/components/Builder/SchemaChangesPanel.tsx": {"lines":{"total":117,"covered":116,"skipped":0,"pct":99.14},"functions":{"total":5,"covered":5,"skipped":0,"pct":100},"statements":{"total":117,"covered":116,"skipped":0,"pct":99.14},"branches":{"total":25,"covered":23,"skipped":0,"pct":92}}
,"/media/oz/work/my-code/tessallite-workspace/tessallite-workspace/tessallite/frontend/src/components/Builder/ShortcutHelpDialog.tsx": {"lines":{"total":48,"covered":20,"skipped":0,"pct":41.66},"functions":{"total":1,"covered":0,"skipped":0,"pct":0},"statements":{"total":48,"covered":20,"skipped":0,"pct":41.66},"branches":{"total":0,"covered":0,"skipped":0,"pct":100}}
,"/media/oz/work/my-code/tessallite-workspace/tessallite-workspace/tessallite/frontend/src/components/Builder/StatusBar.tsx": {"lines":{"total":151,"covered":147,"skipped":0,"pct":97.35},"functions":{"total":1,"covered":1,"skipped":0,"pct":100},"statements":{"total":151,"covered":147,"skipped":0,"pct":97.35},"branches":{"total":56,"covered":41,"skipped":0,"pct":73.21}}
,"/media/oz/work/my-code/tessallite-workspace/tessallite-workspace/tessallite/frontend/src/components/Builder/Toolbelt.tsx": {"lines":{"total":275,"covered":238,"skipped":0,"pct":86.54},"functions":{"total":5,"covered":2,"skipped":0,"pct":40},"statements":{"total":275,"covered":238,"skipped":0,"pct":86.54},"branches":{"total":33,"covered":16,"skipped":0,"pct":48.48}}
,"/media/oz/work/my-code/tessallite-workspace/tessallite-workspace/tessallite/frontend/src/components/Builder/UnsavedChangesGuard.tsx": {"lines":{"total":62,"covered":18,"skipped":0,"pct":29.03},"functions":{"total":1,"covered":0,"skipped":0,"pct":0},"statements":{"total":62,"covered":18,"skipped":0,"pct":29.03},"branches":{"total":0,"covered":0,"skipped":0,"pct":100}}
,"/media/oz/work/my-code/tessallite-workspace/tessallite-workspace/tessallite/frontend/src/components/Builder/UnsavedDeployWarning.tsx": {"lines":{"total":25,"covered":25,"skipped":0,"pct":100},"functions":{"total":1,"covered":1,"skipped":0,"pct":100},"statements":{"total":25,"covered":25,"skipped":0,"pct":100},"branches":{"total":3,"covered":3,"skipped":0,"pct":100}}
,"/media/oz/work/my-code/tessallite-workspace/tessallite-workspace/tessallite/frontend/src/components/Builder/ValidationTray.tsx": {"lines":{"total":111,"covered":111,"skipped":0,"pct":100},"functions":{"total":4,"covered":4,"skipped":0,"pct":100},"statements":{"total":111,"covered":111,"skipped":0,"pct":100},"branches":{"total":25,"covered":25,"skipped":0,"pct":100}}
,"/media/oz/work/my-code/tessallite-workspace/tessallite-workspace/tessallite/frontend/src/components/Builder/VersionDiffPanel.tsx": {"lines":{"total":281,"covered":232,"skipped":0,"pct":82.56},"functions":{"total":5,"covered":3,"skipped":0,"pct":60},"statements":{"total":281,"covered":232,"skipped":0,"pct":82.56},"branches":{"total":27,"covered":15,"skipped":0,"pct":55.55}}
,"/media/oz/work/my-code/tessallite-workspace/tessallite-workspace/tessallite/frontend/src/components/Builder/VersionsDialog.tsx": {"lines":{"total":360,"covered":327,"skipped":0,"pct":90.83},"functions":{"total":16,"covered":11,"skipped":0,"pct":68.75},"statements":{"total":360,"covered":327,"skipped":0,"pct":90.83},"branches":{"total":42,"covered":33,"skipped":0,"pct":78.57}}
,"/media/oz/work/my-code/tessallite-workspace/tessallite-workspace/tessallite/frontend/src/components/Builder/edgeRouting.ts": {"lines":{"total":219,"covered":42,"skipped":0,"pct":19.17},"functions":{"total":9,"covered":0,"skipped":0,"pct":0},"statements":{"total":219,"covered":42,"skipped":0,"pct":19.17},"branches":{"total":0,"covered":0,"skipped":0,"pct":100}}
,"/media/oz/work/my-code/tessallite-workspace/tessallite-workspace/tessallite/frontend/src/components/Builder/emitDrawerHistory.ts": {"lines":{"total":82,"covered":82,"skipped":0,"pct":100},"functions":{"total":5,"covered":5,"skipped":0,"pct":100},"statements":{"total":82,"covered":82,"skipped":0,"pct":100},"branches":{"total":6,"covered":5,"skipped":0,"pct":83.33}}
,"/media/oz/work/my-code/tessallite-workspace/tessallite-workspace/tessallite/frontend/src/components/Builder/joinFilter.ts": {"lines":{"total":41,"covered":41,"skipped":0,"pct":100},"functions":{"total":2,"covered":2,"skipped":0,"pct":100},"statements":{"total":41,"covered":41,"skipped":0,"pct":100},"branches":{"total":6,"covered":6,"skipped":0,"pct":100}}
,"/media/oz/work/my-code/tessallite-workspace/tessallite-workspace/tessallite/frontend/src/components/Builder/modelCacheInvalidation.ts": {"lines":{"total":61,"covered":61,"skipped":0,"pct":100},"functions":{"total":1,"covered":1,"skipped":0,"pct":100},"statements":{"total":61,"covered":61,"skipped":0,"pct":100},"branches":{"total":2,"covered":2,"skipped":0,"pct":100}}
,"/media/oz/work/my-code/tessallite-workspace/tessallite-workspace/tessallite/frontend/src/components/Builder/modelValidation.ts": {"lines":{"total":158,"covered":158,"skipped":0,"pct":100},"functions":{"total":5,"covered":5,"skipped":0,"pct":100},"statements":{"total":158,"covered":158,"skipped":0,"pct":100},"branches":{"total":34,"covered":31,"skipped":0,"pct":91.17}}
,"/media/oz/work/my-code/tessallite-workspace/tessallite-workspace/tessallite/frontend/src/components/Builder/personaOverlay.ts": {"lines":{"total":173,"covered":173,"skipped":0,"pct":100},"functions":{"total":5,"covered":5,"skipped":0,"pct":100},"statements":{"total":173,"covered":173,"skipped":0,"pct":100},"branches":{"total":57,"covered":55,"skipped":0,"pct":96.49}}
,"/media/oz/work/my-code/tessallite-workspace/tessallite-workspace/tessallite/frontend/src/components/Builder/useCanvasHistory.ts": {"lines":{"total":863,"covered":770,"skipped":0,"pct":89.22},"functions":{"total":24,"covered":13,"skipped":0,"pct":54.16},"statements":{"total":863,"covered":770,"skipped":0,"pct":89.22},"branches":{"total":136,"covered":113,"skipped":0,"pct":83.08}}
,"/media/oz/work/my-code/tessallite-workspace/tessallite-workspace/tessallite/frontend/src/components/Builder/useModelValidation.ts": {"lines":{"total":88,"covered":88,"skipped":0,"pct":100},"functions":{"total":3,"covered":3,"skipped":0,"pct":100},"statements":{"total":88,"covered":88,"skipped":0,"pct":100},"branches":{"total":13,"covered":12,"skipped":0,"pct":92.3}}
,"/media/oz/work/my-code/tessallite-workspace/tessallite-workspace/tessallite/frontend/src/components/Confirm/ConfirmDialog.tsx": {"lines":{"total":141,"covered":116,"skipped":0,"pct":82.26},"functions":{"total":2,"covered":1,"skipped":0,"pct":50},"statements":{"total":141,"covered":116,"skipped":0,"pct":82.26},"branches":{"total":12,"covered":4,"skipped":0,"pct":33.33}}
,"/media/oz/work/my-code/tessallite-workspace/tessallite-workspace/tessallite/frontend/src/components/Confirm/ConfirmProvider.tsx": {"lines":{"total":37,"covered":37,"skipped":0,"pct":100},"functions":{"total":1,"covered":1,"skipped":0,"pct":100},"statements":{"total":37,"covered":37,"skipped":0,"pct":100},"branches":{"total":11,"covered":11,"skipped":0,"pct":100}}
,"/media/oz/work/my-code/tessallite-workspace/tessallite-workspace/tessallite/frontend/src/components/Confirm/index.ts": {"lines":{"total":4,"covered":4,"skipped":0,"pct":100},"functions":{"total":0,"covered":0,"skipped":0,"pct":100},"statements":{"total":4,"covered":4,"skipped":0,"pct":100},"branches":{"total":0,"covered":0,"skipped":0,"pct":100}}
,"/media/oz/work/my-code/tessallite-workspace/tessallite-workspace/tessallite/frontend/src/components/Confirm/useConfirm.ts": {"lines":{"total":73,"covered":69,"skipped":0,"pct":94.52},"functions":{"total":2,"covered":2,"skipped":0,"pct":100},"statements":{"total":73,"covered":69,"skipped":0,"pct":94.52},"branches":{"total":9,"covered":6,"skipped":0,"pct":66.66}}
,"/media/oz/work/my-code/tessallite-workspace/tessallite-workspace/tessallite/frontend/src/components/Deploy/JoinPopulationBlockedNotice.tsx": {"lines":{"total":78,"covered":76,"skipped":0,"pct":97.43},"functions":{"total":2,"covered":2,"skipped":0,"pct":100},"statements":{"total":78,"covered":76,"skipped":0,"pct":97.43},"branches":{"total":7,"covered":4,"skipped":0,"pct":57.14}}
,"/media/oz/work/my-code/tessallite-workspace/tessallite-workspace/tessallite/frontend/src/components/KpiBusinessBuilder/FormulaPicker.tsx": {"lines":{"total":701,"covered":437,"skipped":0,"pct":62.33},"functions":{"total":50,"covered":11,"skipped":0,"pct":22},"statements":{"total":701,"covered":437,"skipped":0,"pct":62.33},"branches":{"total":71,"covered":54,"skipped":0,"pct":76.05}}
,"/media/oz/work/my-code/tessallite-workspace/tessallite-workspace/tessallite/frontend/src/components/KpiBusinessBuilder/KpiBusinessBuilderDialog.tsx": {"lines":{"total":717,"covered":475,"skipped":0,"pct":66.24},"functions":{"total":23,"covered":8,"skipped":0,"pct":34.78},"statements":{"total":717,"covered":475,"skipped":0,"pct":66.24},"branches":{"total":76,"covered":37,"skipped":0,"pct":48.68}}
,"/media/oz/work/my-code/tessallite-workspace/tessallite-workspace/tessallite/frontend/src/components/KpiBusinessBuilder/KpiBusinessPreview.tsx": {"lines":{"total":159,"covered":58,"skipped":0,"pct":36.47},"functions":{"total":4,"covered":1,"skipped":0,"pct":25},"statements":{"total":159,"covered":58,"skipped":0,"pct":36.47},"branches":{"total":7,"covered":1,"skipped":0,"pct":14.28}}
,"/media/oz/work/my-code/tessallite-workspace/tessallite-workspace/tessallite/frontend/src/components/KpiBusinessBuilder/KpiFilterBar.tsx": {"lines":{"total":556,"covered":426,"skipped":0,"pct":76.61},"functions":{"total":32,"covered":12,"skipped":0,"pct":37.5},"statements":{"total":556,"covered":426,"skipped":0,"pct":76.61},"branches":{"total":90,"covered":54,"skipped":0,"pct":60}}
,"/media/oz/work/my-code/tessallite-workspace/tessallite-workspace/tessallite/frontend/src/components/KpiBusinessBuilder/KpiPresentationPicker.tsx": {"lines":{"total":42,"covered":42,"skipped":0,"pct":100},"functions":{"total":2,"covered":1,"skipped":0,"pct":50},"statements":{"total":42,"covered":42,"skipped":0,"pct":100},"branches":{"total":2,"covered":2,"skipped":0,"pct":100}}
,"/media/oz/work/my-code/tessallite-workspace/tessallite-workspace/tessallite/frontend/src/components/KpiBusinessBuilder/KpiThresholdEditor.tsx": {"lines":{"total":481,"covered":433,"skipped":0,"pct":90.02},"functions":{"total":24,"covered":8,"skipped":0,"pct":33.33},"statements":{"total":481,"covered":433,"skipped":0,"pct":90.02},"branches":{"total":72,"covered":64,"skipped":0,"pct":88.88}}
,"/media/oz/work/my-code/tessallite-workspace/tessallite-workspace/tessallite/frontend/src/components/KpiBusinessBuilder/KpiTimeWindowPicker.tsx": {"lines":{"total":116,"covered":109,"skipped":0,"pct":93.96},"functions":{"total":10,"covered":2,"skipped":0,"pct":20},"statements":{"total":116,"covered":109,"skipped":0,"pct":93.96},"branches":{"total":9,"covered":7,"skipped":0,"pct":77.77}}
,"/media/oz/work/my-code/tessallite-workspace/tessallite-workspace/tessallite/frontend/src/components/KpiBusinessBuilder/businessDefinition.ts": {"lines":{"total":190,"covered":190,"skipped":0,"pct":100},"functions":{"total":3,"covered":3,"skipped":0,"pct":100},"statements":{"total":190,"covered":190,"skipped":0,"pct":100},"branches":{"total":10,"covered":9,"skipped":0,"pct":90}}
,"/media/oz/work/my-code/tessallite-workspace/tessallite-workspace/tessallite/frontend/src/components/KpiScorecard/BulletChart.tsx": {"lines":{"total":221,"covered":216,"skipped":0,"pct":97.73},"functions":{"total":4,"covered":2,"skipped":0,"pct":50},"statements":{"total":221,"covered":216,"skipped":0,"pct":97.73},"branches":{"total":30,"covered":30,"skipped":0,"pct":100}}
,"/media/oz/work/my-code/tessallite-workspace/tessallite-workspace/tessallite/frontend/src/components/KpiScorecard/GaugeChart.tsx": {"lines":{"total":269,"covered":269,"skipped":0,"pct":100},"functions":{"total":3,"covered":3,"skipped":0,"pct":100},"statements":{"total":269,"covered":269,"skipped":0,"pct":100},"branches":{"total":67,"covered":40,"skipped":0,"pct":59.7}}
,"/media/oz/work/my-code/tessallite-workspace/tessallite-workspace/tessallite/frontend/src/components/KpiScorecard/KpiCard.tsx": {"lines":{"total":797,"covered":721,"skipped":0,"pct":90.46},"functions":{"total":4,"covered":4,"skipped":0,"pct":100},"statements":{"total":797,"covered":721,"skipped":0,"pct":90.46},"branches":{"total":147,"covered":106,"skipped":0,"pct":72.1}}
,"/media/oz/work/my-code/tessallite-workspace/tessallite-workspace/tessallite/frontend/src/components/KpiScorecard/KpiVisual.tsx": {"lines":{"total":384,"covered":376,"skipped":0,"pct":97.91},"functions":{"total":9,"covered":9,"skipped":0,"pct":100},"statements":{"total":384,"covered":376,"skipped":0,"pct":97.91},"branches":{"total":143,"covered":118,"skipped":0,"pct":82.51}}
,"/media/oz/work/my-code/tessallite-workspace/tessallite-workspace/tessallite/frontend/src/components/KpiScorecard/ProgressRing.tsx": {"lines":{"total":126,"covered":126,"skipped":0,"pct":100},"functions":{"total":2,"covered":1,"skipped":0,"pct":50},"statements":{"total":126,"covered":126,"skipped":0,"pct":100},"branches":{"total":15,"covered":14,"skipped":0,"pct":93.33}}
,"/media/oz/work/my-code/tessallite-workspace/tessallite-workspace/tessallite/frontend/src/components/KpiScorecard/RagBar.tsx": {"lines":{"total":141,"covered":137,"skipped":0,"pct":97.16},"functions":{"total":3,"covered":1,"skipped":0,"pct":33.33},"statements":{"total":141,"covered":137,"skipped":0,"pct":97.16},"branches":{"total":24,"covered":24,"skipped":0,"pct":100}}
,"/media/oz/work/my-code/tessallite-workspace/tessallite-workspace/tessallite/frontend/src/components/KpiScorecard/Sparkline.tsx": {"lines":{"total":88,"covered":88,"skipped":0,"pct":100},"functions":{"total":1,"covered":1,"skipped":0,"pct":100},"statements":{"total":88,"covered":88,"skipped":0,"pct":100},"branches":{"total":12,"covered":11,"skipped":0,"pct":91.66}}
,"/media/oz/work/my-code/tessallite-workspace/tessallite-workspace/tessallite/frontend/src/components/KpiScorecard/Thermometer.tsx": {"lines":{"total":187,"covered":186,"skipped":0,"pct":99.46},"functions":{"total":3,"covered":3,"skipped":0,"pct":100},"statements":{"total":187,"covered":186,"skipped":0,"pct":99.46},"branches":{"total":29,"covered":21,"skipped":0,"pct":72.41}}
,"/media/oz/work/my-code/tessallite-workspace/tessallite-workspace/tessallite/frontend/src/components/KpiScorecard/TrafficLight.tsx": {"lines":{"total":85,"covered":85,"skipped":0,"pct":100},"functions":{"total":1,"covered":1,"skipped":0,"pct":100},"statements":{"total":85,"covered":85,"skipped":0,"pct":100},"branches":{"total":14,"covered":14,"skipped":0,"pct":100}}
,"/media/oz/work/my-code/tessallite-workspace/tessallite-workspace/tessallite/frontend/src/components/KpiScorecard/chartUtils.ts": {"lines":{"total":45,"covered":45,"skipped":0,"pct":100},"functions":{"total":1,"covered":1,"skipped":0,"pct":100},"statements":{"total":45,"covered":45,"skipped":0,"pct":100},"branches":{"total":19,"covered":15,"skipped":0,"pct":78.94}}
,"/media/oz/work/my-code/tessallite-workspace/tessallite-workspace/tessallite/frontend/src/components/KpiScorecard/fitText.ts": {"lines":{"total":31,"covered":31,"skipped":0,"pct":100},"functions":{"total":1,"covered":1,"skipped":0,"pct":100},"statements":{"total":31,"covered":31,"skipped":0,"pct":100},"branches":{"total":5,"covered":5,"skipped":0,"pct":100}}
,"/media/oz/work/my-code/tessallite-workspace/tessallite-workspace/tessallite/frontend/src/components/KpiScorecard/index.ts": {"lines":{"total":9,"covered":0,"skipped":0,"pct":0},"functions":{"total":1,"covered":0,"skipped":0,"pct":0},"statements":{"total":9,"covered":0,"skipped":0,"pct":0},"branches":{"total":1,"covered":0,"skipped":0,"pct":0}}
,"/media/oz/work/my-code/tessallite-workspace/tessallite-workspace/tessallite/frontend/src/components/KpiScorecard/statusUtils.ts": {"lines":{"total":111,"covered":86,"skipped":0,"pct":77.47},"functions":{"total":4,"covered":4,"skipped":0,"pct":100},"statements":{"total":111,"covered":86,"skipped":0,"pct":77.47},"branches":{"total":27,"covered":19,"skipped":0,"pct":70.37}}
,"/media/oz/work/my-code/tessallite-workspace/tessallite-workspace/tessallite/frontend/src/components/KpiWizard/KpiPreviewCard.tsx": {"lines":{"total":141,"covered":0,"skipped":0,"pct":0},"functions":{"total":1,"covered":0,"skipped":0,"pct":0},"statements":{"total":141,"covered":0,"skipped":0,"pct":0},"branches":{"total":1,"covered":0,"skipped":0,"pct":0}}
,"/media/oz/work/my-code/tessallite-workspace/tessallite-workspace/tessallite/frontend/src/components/KpiWizard/KpiWizard.tsx": {"lines":{"total":575,"covered":503,"skipped":0,"pct":87.47},"functions":{"total":10,"covered":7,"skipped":0,"pct":70},"statements":{"total":575,"covered":503,"skipped":0,"pct":87.47},"branches":{"total":123,"covered":82,"skipped":0,"pct":66.66}}
,"/media/oz/work/my-code/tessallite-workspace/tessallite-workspace/tessallite/frontend/src/components/KpiWizard/KpiWizardStep1TypeInputs.tsx": {"lines":{"total":292,"covered":198,"skipped":0,"pct":67.8},"functions":{"total":10,"covered":3,"skipped":0,"pct":30},"statements":{"total":292,"covered":198,"skipped":0,"pct":67.8},"branches":{"total":23,"covered":15,"skipped":0,"pct":65.21}}
,"/media/oz/work/my-code/tessallite-workspace/tessallite-workspace/tessallite/frontend/src/components/KpiWizard/KpiWizardStep2TargetDirection.tsx": {"lines":{"total":140,"covered":92,"skipped":0,"pct":65.71},"functions":{"total":7,"covered":1,"skipped":0,"pct":14.28},"statements":{"total":140,"covered":92,"skipped":0,"pct":65.71},"branches":{"total":7,"covered":3,"skipped":0,"pct":42.85}}
,"/media/oz/work/my-code/tessallite-workspace/tessallite-workspace/tessallite/frontend/src/components/KpiWizard/KpiWizardStep3Thresholds.tsx": {"lines":{"total":317,"covered":279,"skipped":0,"pct":88.01},"functions":{"total":21,"covered":4,"skipped":0,"pct":19.04},"statements":{"total":317,"covered":279,"skipped":0,"pct":88.01},"branches":{"total":16,"covered":14,"skipped":0,"pct":87.5}}
,"/media/oz/work/my-code/tessallite-workspace/tessallite-workspace/tessallite/frontend/src/components/KpiWizard/KpiWizardStep4Display.tsx": {"lines":{"total":286,"covered":228,"skipped":0,"pct":79.72},"functions":{"total":19,"covered":2,"skipped":0,"pct":10.52},"statements":{"total":286,"covered":228,"skipped":0,"pct":79.72},"branches":{"total":7,"covered":4,"skipped":0,"pct":57.14}}
,"/media/oz/work/my-code/tessallite-workspace/tessallite-workspace/tessallite/frontend/src/components/KpiWizard/KpiWizardStep5Review.tsx": {"lines":{"total":367,"covered":264,"skipped":0,"pct":71.93},"functions":{"total":4,"covered":1,"skipped":0,"pct":25},"statements":{"total":367,"covered":264,"skipped":0,"pct":71.93},"branches":{"total":37,"covered":17,"skipped":0,"pct":45.94}}
,"/media/oz/work/my-code/tessallite-workspace/tessallite-workspace/tessallite/frontend/src/components/KpiWizard/SnapshotSchedulePicker.tsx": {"lines":{"total":74,"covered":25,"skipped":0,"pct":33.78},"functions":{"total":1,"covered":0,"skipped":0,"pct":0},"statements":{"total":74,"covered":25,"skipped":0,"pct":33.78},"branches":{"total":0,"covered":0,"skipped":0,"pct":100}}
,"/media/oz/work/my-code/tessallite-workspace/tessallite-workspace/tessallite/frontend/src/components/KpiWizard/expressionBuilder.ts": {"lines":{"total":159,"covered":109,"skipped":0,"pct":68.55},"functions":{"total":7,"covered":6,"skipped":0,"pct":85.71},"statements":{"total":159,"covered":109,"skipped":0,"pct":68.55},"branches":{"total":29,"covered":17,"skipped":0,"pct":58.62}}
,"/media/oz/work/my-code/tessallite-workspace/tessallite-workspace/tessallite/frontend/src/components/KpiWizard/index.ts": {"lines":{"total":3,"covered":3,"skipped":0,"pct":100},"functions":{"total":0,"covered":0,"skipped":0,"pct":100},"statements":{"total":3,"covered":3,"skipped":0,"pct":100},"branches":{"total":0,"covered":0,"skipped":0,"pct":100}}
,"/media/oz/work/my-code/tessallite-workspace/tessallite-workspace/tessallite/frontend/src/components/KpiWizard/types.ts": {"lines":{"total":212,"covered":212,"skipped":0,"pct":100},"functions":{"total":0,"covered":0,"skipped":0,"pct":100},"statements":{"total":212,"covered":212,"skipped":0,"pct":100},"branches":{"total":0,"covered":0,"skipped":0,"pct":100}}
,"/media/oz/work/my-code/tessallite-workspace/tessallite-workspace/tessallite/frontend/src/components/KpiWizard/FormulaEditor/FunctionPicker.tsx": {"lines":{"total":149,"covered":34,"skipped":0,"pct":22.81},"functions":{"total":1,"covered":0,"skipped":0,"pct":0},"statements":{"total":149,"covered":34,"skipped":0,"pct":22.81},"branches":{"total":0,"covered":0,"skipped":0,"pct":100}}
,"/media/oz/work/my-code/tessallite-workspace/tessallite-workspace/tessallite/frontend/src/components/KpiWizard/FormulaEditor/KpiFormulaEditor.tsx": {"lines":{"total":303,"covered":54,"skipped":0,"pct":17.82},"functions":{"total":1,"covered":0,"skipped":0,"pct":0},"statements":{"total":303,"covered":54,"skipped":0,"pct":17.82},"branches":{"total":0,"covered":0,"skipped":0,"pct":100}}
,"/media/oz/work/my-code/tessallite-workspace/tessallite-workspace/tessallite/frontend/src/components/KpiWizard/FormulaEditor/expressionTemplates.ts": {"lines":{"total":79,"covered":79,"skipped":0,"pct":100},"functions":{"total":0,"covered":0,"skipped":0,"pct":100},"statements":{"total":79,"covered":79,"skipped":0,"pct":100},"branches":{"total":0,"covered":0,"skipped":0,"pct":100}}
,"/media/oz/work/my-code/tessallite-workspace/tessallite-workspace/tessallite/frontend/src/components/KpiWizard/FormulaEditor/functionCatalog.ts": {"lines":{"total":469,"covered":469,"skipped":0,"pct":100},"functions":{"total":0,"covered":0,"skipped":0,"pct":100},"statements":{"total":469,"covered":469,"skipped":0,"pct":100},"branches":{"total":1,"covered":1,"skipped":0,"pct":100}}
,"/media/oz/work/my-code/tessallite-workspace/tessallite-workspace/tessallite/frontend/src/components/KpiWizard/FormulaEditor/index.ts": {"lines":{"total":2,"covered":2,"skipped":0,"pct":100},"functions":{"total":0,"covered":0,"skipped":0,"pct":100},"statements":{"total":2,"covered":2,"skipped":0,"pct":100},"branches":{"total":0,"covered":0,"skipped":0,"pct":100}}
,"/media/oz/work/my-code/tessallite-workspace/tessallite-workspace/tessallite/frontend/src/components/ModelHealth/ColdStartLatencySection.tsx": {"lines":{"total":230,"covered":215,"skipped":0,"pct":93.47},"functions":{"total":4,"covered":4,"skipped":0,"pct":100},"statements":{"total":230,"covered":215,"skipped":0,"pct":93.47},"branches":{"total":27,"covered":20,"skipped":0,"pct":74.07}}
,"/media/oz/work/my-code/tessallite-workspace/tessallite-workspace/tessallite/frontend/src/components/ModelHealth/KpiScorecardTab.tsx": {"lines":{"total":461,"covered":414,"skipped":0,"pct":89.8},"functions":{"total":8,"covered":2,"skipped":0,"pct":25},"statements":{"total":461,"covered":414,"skipped":0,"pct":89.8},"branches":{"total":51,"covered":41,"skipped":0,"pct":80.39}}
,"/media/oz/work/my-code/tessallite-workspace/tessallite-workspace/tessallite/frontend/src/components/ModelHealth/ModelHealthPanel.tsx": {"lines":{"total":1810,"covered":851,"skipped":0,"pct":47.01},"functions":{"total":26,"covered":17,"skipped":0,"pct":65.38},"statements":{"total":1810,"covered":851,"skipped":0,"pct":47.01},"branches":{"total":146,"covered":115,"skipped":0,"pct":78.76}}
,"/media/oz/work/my-code/tessallite-workspace/tessallite-workspace/tessallite/frontend/src/components/ModelHealth/NamedSetsScorecardTab.tsx": {"lines":{"total":339,"covered":328,"skipped":0,"pct":96.75},"functions":{"total":6,"covered":2,"skipped":0,"pct":33.33},"statements":{"total":339,"covered":328,"skipped":0,"pct":96.75},"branches":{"total":40,"covered":31,"skipped":0,"pct":77.5}}
,"/media/oz/work/my-code/tessallite-workspace/tessallite-workspace/tessallite/frontend/src/components/ModelHealth/UsageAnalyticsTab.tsx": {"lines":{"total":506,"covered":341,"skipped":0,"pct":67.39},"functions":{"total":12,"covered":9,"skipped":0,"pct":75},"statements":{"total":506,"covered":341,"skipped":0,"pct":67.39},"branches":{"total":57,"covered":32,"skipped":0,"pct":56.14}}
,"/media/oz/work/my-code/tessallite-workspace/tessallite-workspace/tessallite/frontend/src/components/Panels/AggregateDrawer.tsx": {"lines":{"total":791,"covered":63,"skipped":0,"pct":7.96},"functions":{"total":5,"covered":0,"skipped":0,"pct":0},"statements":{"total":791,"covered":63,"skipped":0,"pct":7.96},"branches":{"total":0,"covered":0,"skipped":0,"pct":100}}
,"/media/oz/work/my-code/tessallite-workspace/tessallite-workspace/tessallite/frontend/src/components/Panels/AggregatesPanel.tsx": {"lines":{"total":634,"covered":483,"skipped":0,"pct":76.18},"functions":{"total":35,"covered":12,"skipped":0,"pct":34.28},"statements":{"total":634,"covered":483,"skipped":0,"pct":76.18},"branches":{"total":57,"covered":34,"skipped":0,"pct":59.64}}
,"/media/oz/work/my-code/tessallite-workspace/tessallite-workspace/tessallite/frontend/src/components/Panels/AlertsPanel.tsx": {"lines":{"total":550,"covered":0,"skipped":0,"pct":0},"functions":{"total":1,"covered":0,"skipped":0,"pct":0},"statements":{"total":550,"covered":0,"skipped":0,"pct":0},"branches":{"total":1,"covered":0,"skipped":0,"pct":0}}
,"/media/oz/work/my-code/tessallite-workspace/tessallite-workspace/tessallite/frontend/src/components/Panels/AliasMapDialog.tsx": {"lines":{"total":270,"covered":24,"skipped":0,"pct":8.88},"functions":{"total":1,"covered":0,"skipped":0,"pct":0},"statements":{"total":270,"covered":24,"skipped":0,"pct":8.88},"branches":{"total":0,"covered":0,"skipped":0,"pct":100}}
,"/media/oz/work/my-code/tessallite-workspace/tessallite-workspace/tessallite/frontend/src/components/Panels/AttributeRelationshipsSection.tsx": {"lines":{"total":798,"covered":624,"skipped":0,"pct":78.19},"functions":{"total":22,"covered":13,"skipped":0,"pct":59.09},"statements":{"total":798,"covered":624,"skipped":0,"pct":78.19},"branches":{"total":106,"covered":80,"skipped":0,"pct":75.47}}
,"/media/oz/work/my-code/tessallite-workspace/tessallite-workspace/tessallite/frontend/src/components/Panels/CollibraIntegrationPanel.tsx": {"lines":{"total":585,"covered":441,"skipped":0,"pct":75.38},"functions":{"total":31,"covered":12,"skipped":0,"pct":38.7},"statements":{"total":585,"covered":441,"skipped":0,"pct":75.38},"branches":{"total":56,"covered":30,"skipped":0,"pct":53.57}}
,"/media/oz/work/my-code/tessallite-workspace/tessallite-workspace/tessallite/frontend/src/components/Panels/ConnectionDialog.tsx": {"lines":{"total":147,"covered":142,"skipped":0,"pct":96.59},"functions":{"total":4,"covered":2,"skipped":0,"pct":50},"statements":{"total":147,"covered":142,"skipped":0,"pct":96.59},"branches":{"total":27,"covered":18,"skipped":0,"pct":66.66}}
,"/media/oz/work/my-code/tessallite-workspace/tessallite-workspace/tessallite/frontend/src/components/Panels/ConnectionsPanel.tsx": {"lines":{"total":428,"covered":0,"skipped":0,"pct":0},"functions":{"total":1,"covered":0,"skipped":0,"pct":0},"statements":{"total":428,"covered":0,"skipped":0,"pct":0},"branches":{"total":1,"covered":0,"skipped":0,"pct":0}}
,"/media/oz/work/my-code/tessallite-workspace/tessallite-workspace/tessallite/frontend/src/components/Panels/DataQualityPanel.tsx": {"lines":{"total":551,"covered":334,"skipped":0,"pct":60.61},"functions":{"total":33,"covered":11,"skipped":0,"pct":33.33},"statements":{"total":551,"covered":334,"skipped":0,"pct":60.61},"branches":{"total":32,"covered":21,"skipped":0,"pct":65.62}}
,"/media/oz/work/my-code/tessallite-workspace/tessallite-workspace/tessallite/frontend/src/components/Panels/DataTagsPanel.tsx": {"lines":{"total":508,"covered":458,"skipped":0,"pct":90.15},"functions":{"total":30,"covered":17,"skipped":0,"pct":56.66},"statements":{"total":508,"covered":458,"skipped":0,"pct":90.15},"branches":{"total":71,"covered":50,"skipped":0,"pct":70.42}}
,"/media/oz/work/my-code/tessallite-workspace/tessallite-workspace/tessallite/frontend/src/components/Panels/DiagnosticsPanel.tsx": {"lines":{"total":819,"covered":590,"skipped":0,"pct":72.03},"functions":{"total":22,"covered":8,"skipped":0,"pct":36.36},"statements":{"total":819,"covered":590,"skipped":0,"pct":72.03},"branches":{"total":95,"covered":45,"skipped":0,"pct":47.36}}
,"/media/oz/work/my-code/tessallite-workspace/tessallite-workspace/tessallite/frontend/src/components/Panels/DimensionsPanel.tsx": {"lines":{"total":749,"covered":680,"skipped":0,"pct":90.78},"functions":{"total":31,"covered":19,"skipped":0,"pct":61.29},"statements":{"total":749,"covered":680,"skipped":0,"pct":90.78},"branches":{"total":140,"covered":90,"skipped":0,"pct":64.28}}
,"/media/oz/work/my-code/tessallite-workspace/tessallite-workspace/tessallite/frontend/src/components/Panels/DrillThroughSetEditor.tsx": {"lines":{"total":512,"covered":0,"skipped":0,"pct":0},"functions":{"total":1,"covered":0,"skipped":0,"pct":0},"statements":{"total":512,"covered":0,"skipped":0,"pct":0},"branches":{"total":1,"covered":0,"skipped":0,"pct":0}}
,"/media/oz/work/my-code/tessallite-workspace/tessallite-workspace/tessallite/frontend/src/components/Panels/EndpointsPanel.tsx": {"lines":{"total":981,"covered":954,"skipped":0,"pct":97.24},"functions":{"total":28,"covered":16,"skipped":0,"pct":57.14},"statements":{"total":981,"covered":954,"skipped":0,"pct":97.24},"branches":{"total":55,"covered":31,"skipped":0,"pct":56.36}}
,"/media/oz/work/my-code/tessallite-workspace/tessallite-workspace/tessallite/frontend/src/components/Panels/EntityImpactSummary.tsx": {"lines":{"total":168,"covered":128,"skipped":0,"pct":76.19},"functions":{"total":2,"covered":1,"skipped":0,"pct":50},"statements":{"total":168,"covered":128,"skipped":0,"pct":76.19},"branches":{"total":14,"covered":7,"skipped":0,"pct":50}}
,"/media/oz/work/my-code/tessallite-workspace/tessallite-workspace/tessallite/frontend/src/components/Panels/GlossaryPanel.tsx": {"lines":{"total":1078,"covered":683,"skipped":0,"pct":63.35},"functions":{"total":90,"covered":7,"skipped":0,"pct":7.77},"statements":{"total":1078,"covered":683,"skipped":0,"pct":63.35},"branches":{"total":62,"covered":26,"skipped":0,"pct":41.93}}
,"/media/oz/work/my-code/tessallite-workspace/tessallite-workspace/tessallite/frontend/src/components/Panels/HierarchiesPanel.tsx": {"lines":{"total":2033,"covered":1071,"skipped":0,"pct":52.68},"functions":{"total":99,"covered":9,"skipped":0,"pct":9.09},"statements":{"total":2033,"covered":1071,"skipped":0,"pct":52.68},"branches":{"total":111,"covered":49,"skipped":0,"pct":44.14}}
,"/media/oz/work/my-code/tessallite-workspace/tessallite-workspace/tessallite/frontend/src/components/Panels/ImpactAnalysisPanel.tsx": {"lines":{"total":404,"covered":295,"skipped":0,"pct":73.01},"functions":{"total":10,"covered":3,"skipped":0,"pct":30},"statements":{"total":404,"covered":295,"skipped":0,"pct":73.01},"branches":{"total":42,"covered":29,"skipped":0,"pct":69.04}}
,"/media/oz/work/my-code/tessallite-workspace/tessallite-workspace/tessallite/frontend/src/components/Panels/ImpactPanel.tsx": {"lines":{"total":570,"covered":542,"skipped":0,"pct":95.08},"functions":{"total":29,"covered":19,"skipped":0,"pct":65.51},"statements":{"total":570,"covered":542,"skipped":0,"pct":95.08},"branches":{"total":78,"covered":64,"skipped":0,"pct":82.05}}
,"/media/oz/work/my-code/tessallite-workspace/tessallite-workspace/tessallite/frontend/src/components/Panels/JoinsPanel.tsx": {"lines":{"total":1266,"covered":1161,"skipped":0,"pct":91.7},"functions":{"total":46,"covered":32,"skipped":0,"pct":69.56},"statements":{"total":1266,"covered":1161,"skipped":0,"pct":91.7},"branches":{"total":230,"covered":177,"skipped":0,"pct":76.95}}
,"/media/oz/work/my-code/tessallite-workspace/tessallite-workspace/tessallite/frontend/src/components/Panels/KpisPanel.tsx": {"lines":{"total":588,"covered":488,"skipped":0,"pct":82.99},"functions":{"total":33,"covered":17,"skipped":0,"pct":51.51},"statements":{"total":588,"covered":488,"skipped":0,"pct":82.99},"branches":{"total":92,"covered":67,"skipped":0,"pct":72.82}}
,"/media/oz/work/my-code/tessallite-workspace/tessallite-workspace/tessallite/frontend/src/components/Panels/LifecycleLogPanel.tsx": {"lines":{"total":176,"covered":163,"skipped":0,"pct":92.61},"functions":{"total":6,"covered":5,"skipped":0,"pct":83.33},"statements":{"total":176,"covered":163,"skipped":0,"pct":92.61},"branches":{"total":25,"covered":18,"skipped":0,"pct":72}}
,"/media/oz/work/my-code/tessallite-workspace/tessallite-workspace/tessallite/frontend/src/components/Panels/LineagePanel.tsx": {"lines":{"total":112,"covered":0,"skipped":0,"pct":0},"functions":{"total":1,"covered":0,"skipped":0,"pct":0},"statements":{"total":112,"covered":0,"skipped":0,"pct":0},"branches":{"total":1,"covered":0,"skipped":0,"pct":0}}
,"/media/oz/work/my-code/tessallite-workspace/tessallite-workspace/tessallite/frontend/src/components/Panels/MeasureRenameImpactDialog.tsx": {"lines":{"total":103,"covered":99,"skipped":0,"pct":96.11},"functions":{"total":1,"covered":1,"skipped":0,"pct":100},"statements":{"total":103,"covered":99,"skipped":0,"pct":96.11},"branches":{"total":10,"covered":3,"skipped":0,"pct":30}}
,"/media/oz/work/my-code/tessallite-workspace/tessallite-workspace/tessallite/frontend/src/components/Panels/MeasuresPanel.tsx": {"lines":{"total":1862,"covered":0,"skipped":0,"pct":0},"functions":{"total":1,"covered":0,"skipped":0,"pct":0},"statements":{"total":1862,"covered":0,"skipped":0,"pct":0},"branches":{"total":1,"covered":0,"skipped":0,"pct":0}}
,"/media/oz/work/my-code/tessallite-workspace/tessallite-workspace/tessallite/frontend/src/components/Panels/ModelDetailsPanel.tsx": {"lines":{"total":30,"covered":0,"skipped":0,"pct":0},"functions":{"total":1,"covered":0,"skipped":0,"pct":0},"statements":{"total":30,"covered":0,"skipped":0,"pct":0},"branches":{"total":1,"covered":0,"skipped":0,"pct":0}}
,"/media/oz/work/my-code/tessallite-workspace/tessallite-workspace/tessallite/frontend/src/components/Panels/ModelDocsPanel.tsx": {"lines":{"total":152,"covered":0,"skipped":0,"pct":0},"functions":{"total":1,"covered":0,"skipped":0,"pct":0},"statements":{"total":152,"covered":0,"skipped":0,"pct":0},"branches":{"total":1,"covered":0,"skipped":0,"pct":0}}
,"/media/oz/work/my-code/tessallite-workspace/tessallite-workspace/tessallite/frontend/src/components/Panels/NamedQueryEditor.tsx": {"lines":{"total":785,"covered":743,"skipped":0,"pct":94.64},"functions":{"total":32,"covered":22,"skipped":0,"pct":68.75},"statements":{"total":785,"covered":743,"skipped":0,"pct":94.64},"branches":{"total":188,"covered":165,"skipped":0,"pct":87.76}}
,"/media/oz/work/my-code/tessallite-workspace/tessallite-workspace/tessallite/frontend/src/components/Panels/NamedSetsPanel.tsx": {"lines":{"total":2403,"covered":1890,"skipped":0,"pct":78.65},"functions":{"total":98,"covered":38,"skipped":0,"pct":38.77},"statements":{"total":2403,"covered":1890,"skipped":0,"pct":78.65},"branches":{"total":467,"covered":358,"skipped":0,"pct":76.65}}
,"/media/oz/work/my-code/tessallite-workspace/tessallite-workspace/tessallite/frontend/src/components/Panels/ParametersPanel.tsx": {"lines":{"total":495,"covered":164,"skipped":0,"pct":33.13},"functions":{"total":5,"covered":3,"skipped":0,"pct":60},"statements":{"total":495,"covered":164,"skipped":0,"pct":33.13},"branches":{"total":55,"covered":52,"skipped":0,"pct":94.54}}
,"/media/oz/work/my-code/tessallite-workspace/tessallite-workspace/tessallite/frontend/src/components/Panels/PersonasPanel.tsx": {"lines":{"total":1277,"covered":1004,"skipped":0,"pct":78.62},"functions":{"total":47,"covered":31,"skipped":0,"pct":65.95},"statements":{"total":1277,"covered":1004,"skipped":0,"pct":78.62},"branches":{"total":195,"covered":140,"skipped":0,"pct":71.79}}
,"/media/oz/work/my-code/tessallite-workspace/tessallite-workspace/tessallite/frontend/src/components/Panels/PocketDrawer.tsx": {"lines":{"total":706,"covered":108,"skipped":0,"pct":15.29},"functions":{"total":10,"covered":1,"skipped":0,"pct":10},"statements":{"total":706,"covered":108,"skipped":0,"pct":15.29},"branches":{"total":8,"covered":5,"skipped":0,"pct":62.5}}
,"/media/oz/work/my-code/tessallite-workspace/tessallite-workspace/tessallite/frontend/src/components/Panels/PocketSuggestionsPanel.tsx": {"lines":{"total":259,"covered":0,"skipped":0,"pct":0},"functions":{"total":1,"covered":0,"skipped":0,"pct":0},"statements":{"total":259,"covered":0,"skipped":0,"pct":0},"branches":{"total":1,"covered":0,"skipped":0,"pct":0}}
,"/media/oz/work/my-code/tessallite-workspace/tessallite-workspace/tessallite/frontend/src/components/Panels/PocketTablesPanel.tsx": {"lines":{"total":427,"covered":343,"skipped":0,"pct":80.32},"functions":{"total":24,"covered":14,"skipped":0,"pct":58.33},"statements":{"total":427,"covered":343,"skipped":0,"pct":80.32},"branches":{"total":58,"covered":26,"skipped":0,"pct":44.82}}
,"/media/oz/work/my-code/tessallite-workspace/tessallite-workspace/tessallite/frontend/src/components/Panels/PredictiveAggregatesPanel.tsx": {"lines":{"total":431,"covered":373,"skipped":0,"pct":86.54},"functions":{"total":17,"covered":14,"skipped":0,"pct":82.35},"statements":{"total":431,"covered":373,"skipped":0,"pct":86.54},"branches":{"total":86,"covered":67,"skipped":0,"pct":77.9}}
,"/media/oz/work/my-code/tessallite-workspace/tessallite-workspace/tessallite/frontend/src/components/Panels/QueryPanel.tsx": {"lines":{"total":1021,"covered":705,"skipped":0,"pct":69.04},"functions":{"total":32,"covered":13,"skipped":0,"pct":40.62},"statements":{"total":1021,"covered":705,"skipped":0,"pct":69.04},"branches":{"total":146,"covered":80,"skipped":0,"pct":54.79}}
,"/media/oz/work/my-code/tessallite-workspace/tessallite-workspace/tessallite/frontend/src/components/Panels/RefreshPanel.tsx": {"lines":{"total":431,"covered":315,"skipped":0,"pct":73.08},"functions":{"total":23,"covered":5,"skipped":0,"pct":21.73},"statements":{"total":431,"covered":315,"skipped":0,"pct":73.08},"branches":{"total":30,"covered":17,"skipped":0,"pct":56.66}}
,"/media/oz/work/my-code/tessallite-workspace/tessallite-workspace/tessallite/frontend/src/components/Panels/RowSecurityPanel.tsx": {"lines":{"total":823,"covered":586,"skipped":0,"pct":71.2},"functions":{"total":49,"covered":9,"skipped":0,"pct":18.36},"statements":{"total":823,"covered":586,"skipped":0,"pct":71.2},"branches":{"total":61,"covered":31,"skipped":0,"pct":50.81}}
,"/media/oz/work/my-code/tessallite-workspace/tessallite-workspace/tessallite/frontend/src/components/Panels/SavedQueriesPanel.tsx": {"lines":{"total":387,"covered":335,"skipped":0,"pct":86.56},"functions":{"total":33,"covered":14,"skipped":0,"pct":42.42},"statements":{"total":387,"covered":335,"skipped":0,"pct":86.56},"branches":{"total":34,"covered":26,"skipped":0,"pct":76.47}}
,"/media/oz/work/my-code/tessallite-workspace/tessallite-workspace/tessallite/frontend/src/components/Panels/SchedulerJobLedger.tsx": {"lines":{"total":126,"covered":123,"skipped":0,"pct":97.61},"functions":{"total":4,"covered":4,"skipped":0,"pct":100},"statements":{"total":126,"covered":123,"skipped":0,"pct":97.61},"branches":{"total":18,"covered":11,"skipped":0,"pct":61.11}}
,"/media/oz/work/my-code/tessallite-workspace/tessallite-workspace/tessallite/frontend/src/components/Panels/SchedulerPanel.tsx": {"lines":{"total":792,"covered":544,"skipped":0,"pct":68.68},"functions":{"total":19,"covered":7,"skipped":0,"pct":36.84},"statements":{"total":792,"covered":544,"skipped":0,"pct":68.68},"branches":{"total":54,"covered":37,"skipped":0,"pct":68.51}}
,"/media/oz/work/my-code/tessallite-workspace/tessallite-workspace/tessallite/frontend/src/components/Panels/ScratchpadPanel.tsx": {"lines":{"total":341,"covered":254,"skipped":0,"pct":74.48},"functions":{"total":19,"covered":8,"skipped":0,"pct":42.1},"statements":{"total":341,"covered":254,"skipped":0,"pct":74.48},"branches":{"total":37,"covered":28,"skipped":0,"pct":75.67}}
,"/media/oz/work/my-code/tessallite-workspace/tessallite-workspace/tessallite/frontend/src/components/Panels/SettingsPanel.tsx": {"lines":{"total":390,"covered":302,"skipped":0,"pct":77.43},"functions":{"total":16,"covered":4,"skipped":0,"pct":25},"statements":{"total":390,"covered":302,"skipped":0,"pct":77.43},"branches":{"total":35,"covered":11,"skipped":0,"pct":31.42}}
,"/media/oz/work/my-code/tessallite-workspace/tessallite-workspace/tessallite/frontend/src/components/Panels/SolidatusIntegrationPanel.tsx": {"lines":{"total":556,"covered":479,"skipped":0,"pct":86.15},"functions":{"total":31,"covered":14,"skipped":0,"pct":45.16},"statements":{"total":556,"covered":479,"skipped":0,"pct":86.15},"branches":{"total":63,"covered":36,"skipped":0,"pct":57.14}}
,"/media/oz/work/my-code/tessallite-workspace/tessallite-workspace/tessallite/frontend/src/components/Panels/SourcesPanel.tsx": {"lines":{"total":1748,"covered":160,"skipped":0,"pct":9.15},"functions":{"total":11,"covered":4,"skipped":0,"pct":36.36},"statements":{"total":1748,"covered":160,"skipped":0,"pct":9.15},"branches":{"total":11,"covered":9,"skipped":0,"pct":81.81}}
,"/media/oz/work/my-code/tessallite-workspace/tessallite-workspace/tessallite/frontend/src/components/Panels/StatisticsPanel.tsx": {"lines":{"total":555,"covered":64,"skipped":0,"pct":11.53},"functions":{"total":11,"covered":0,"skipped":0,"pct":0},"statements":{"total":555,"covered":64,"skipped":0,"pct":11.53},"branches":{"total":0,"covered":0,"skipped":0,"pct":100}}
,"/media/oz/work/my-code/tessallite-workspace/tessallite-workspace/tessallite/frontend/src/components/Panels/TargetPanel.tsx": {"lines":{"total":287,"covered":31,"skipped":0,"pct":10.8},"functions":{"total":1,"covered":0,"skipped":0,"pct":0},"statements":{"total":287,"covered":31,"skipped":0,"pct":10.8},"branches":{"total":0,"covered":0,"skipped":0,"pct":100}}
,"/media/oz/work/my-code/tessallite-workspace/tessallite-workspace/tessallite/frontend/src/components/Panels/TemplateGalleryDialog.tsx": {"lines":{"total":255,"covered":223,"skipped":0,"pct":87.45},"functions":{"total":7,"covered":1,"skipped":0,"pct":14.28},"statements":{"total":255,"covered":223,"skipped":0,"pct":87.45},"branches":{"total":25,"covered":14,"skipped":0,"pct":56}}
,"/media/oz/work/my-code/tessallite-workspace/tessallite-workspace/tessallite/frontend/src/components/Panels/diagnosticsErrorLabels.ts": {"lines":{"total":30,"covered":30,"skipped":0,"pct":100},"functions":{"total":1,"covered":1,"skipped":0,"pct":100},"statements":{"total":30,"covered":30,"skipped":0,"pct":100},"branches":{"total":9,"covered":8,"skipped":0,"pct":88.88}}
,"/media/oz/work/my-code/tessallite-workspace/tessallite-workspace/tessallite/frontend/src/components/Panels/hierarchyHealth.tsx": {"lines":{"total":386,"covered":375,"skipped":0,"pct":97.15},"functions":{"total":10,"covered":10,"skipped":0,"pct":100},"statements":{"total":386,"covered":375,"skipped":0,"pct":97.15},"branches":{"total":116,"covered":104,"skipped":0,"pct":89.65}}
,"/media/oz/work/my-code/tessallite-workspace/tessallite-workspace/tessallite/frontend/src/components/Panels/measureCompatibility.ts": {"lines":{"total":86,"covered":80,"skipped":0,"pct":93.02},"functions":{"total":1,"covered":1,"skipped":0,"pct":100},"statements":{"total":86,"covered":80,"skipped":0,"pct":93.02},"branches":{"total":19,"covered":16,"skipped":0,"pct":84.21}}
,"/media/oz/work/my-code/tessallite-workspace/tessallite-workspace/tessallite/frontend/src/components/Panels/namedSetPresentation.ts": {"lines":{"total":24,"covered":24,"skipped":0,"pct":100},"functions":{"total":0,"covered":0,"skipped":0,"pct":100},"statements":{"total":24,"covered":24,"skipped":0,"pct":100},"branches":{"total":0,"covered":0,"skipped":0,"pct":100}}
,"/media/oz/work/my-code/tessallite-workspace/tessallite-workspace/tessallite/frontend/src/components/Panels/queryFieldCompatibility.ts": {"lines":{"total":157,"covered":146,"skipped":0,"pct":92.99},"functions":{"total":11,"covered":11,"skipped":0,"pct":100},"statements":{"total":157,"covered":146,"skipped":0,"pct":92.99},"branches":{"total":56,"covered":43,"skipped":0,"pct":76.78}}
,"/media/oz/work/my-code/tessallite-workspace/tessallite-workspace/tessallite/frontend/src/components/Panels/querySessionVars.ts": {"lines":{"total":46,"covered":46,"skipped":0,"pct":100},"functions":{"total":2,"covered":2,"skipped":0,"pct":100},"statements":{"total":46,"covered":46,"skipped":0,"pct":100},"branches":{"total":12,"covered":10,"skipped":0,"pct":83.33}}
,"/media/oz/work/my-code/tessallite-workspace/tessallite-workspace/tessallite/frontend/src/components/Panels/templates.ts": {"lines":{"total":367,"covered":367,"skipped":0,"pct":100},"functions":{"total":0,"covered":0,"skipped":0,"pct":100},"statements":{"total":367,"covered":367,"skipped":0,"pct":100},"branches":{"total":2,"covered":2,"skipped":0,"pct":100}}
,"/media/oz/work/my-code/tessallite-workspace/tessallite-workspace/tessallite/frontend/src/components/Panels/MeasureQueryPanel/PivotErrorAlert.tsx": {"lines":{"total":53,"covered":53,"skipped":0,"pct":100},"functions":{"total":1,"covered":1,"skipped":0,"pct":100},"statements":{"total":53,"covered":53,"skipped":0,"pct":100},"branches":{"total":3,"covered":3,"skipped":0,"pct":100}}
,"/media/oz/work/my-code/tessallite-workspace/tessallite-workspace/tessallite/frontend/src/components/Panels/MeasureQueryPanel/drillRequest.ts": {"lines":{"total":85,"covered":81,"skipped":0,"pct":95.29},"functions":{"total":3,"covered":3,"skipped":0,"pct":100},"statements":{"total":85,"covered":81,"skipped":0,"pct":95.29},"branches":{"total":20,"covered":8,"skipped":0,"pct":40}}
,"/media/oz/work/my-code/tessallite-workspace/tessallite-workspace/tessallite/frontend/src/components/Panels/MeasureQueryPanel/index.tsx": {"lines":{"total":1978,"covered":0,"skipped":0,"pct":0},"functions":{"total":1,"covered":0,"skipped":0,"pct":0},"statements":{"total":1978,"covered":0,"skipped":0,"pct":0},"branches":{"total":1,"covered":0,"skipped":0,"pct":0}}
,"/media/oz/work/my-code/tessallite-workspace/tessallite-workspace/tessallite/frontend/src/components/Panels/MeasureQueryPanel/measureColumns.ts": {"lines":{"total":102,"covered":102,"skipped":0,"pct":100},"functions":{"total":4,"covered":4,"skipped":0,"pct":100},"statements":{"total":102,"covered":102,"skipped":0,"pct":100},"branches":{"total":15,"covered":13,"skipped":0,"pct":86.66}}
,"/media/oz/work/my-code/tessallite-workspace/tessallite-workspace/tessallite/frontend/src/components/Panels/MeasureQueryPanel/pivot.ts": {"lines":{"total":375,"covered":370,"skipped":0,"pct":98.66},"functions":{"total":13,"covered":13,"skipped":0,"pct":100},"statements":{"total":375,"covered":370,"skipped":0,"pct":98.66},"branches":{"total":111,"covered":100,"skipped":0,"pct":90.09}}
,"/media/oz/work/my-code/tessallite-workspace/tessallite-workspace/tessallite/frontend/src/components/Panels/MeasureQueryPanel/pivotConfigDecode.ts": {"lines":{"total":107,"covered":104,"skipped":0,"pct":97.19},"functions":{"total":7,"covered":7,"skipped":0,"pct":100},"statements":{"total":107,"covered":104,"skipped":0,"pct":97.19},"branches":{"total":51,"covered":45,"skipped":0,"pct":88.23}}
,"/media/oz/work/my-code/tessallite-workspace/tessallite-workspace/tessallite/frontend/src/components/Panels/MeasureQueryPanel/pivotErrors.ts": {"lines":{"total":119,"covered":113,"skipped":0,"pct":94.95},"functions":{"total":2,"covered":2,"skipped":0,"pct":100},"statements":{"total":119,"covered":113,"skipped":0,"pct":94.95},"branches":{"total":15,"covered":9,"skipped":0,"pct":60}}
[...]
,"/media/oz/work/my-code/tessallite-workspace/tessallite-workspace/tessallite/frontend/src/components/WelcomeWizard/steps/WelcomeStep.tsx": {"lines":{"total":45,"covered":45,"skipped":0,"pct":100},"functions":{"total":1,"covered":1,"skipped":0,"pct":100},"statements":{"total":45,"covered":45,"skipped":0,"pct":100},"branches":{"total":1,"covered":1,"skipped":0,"pct":100}}
,"/media/oz/work/my-code/tessallite-workspace/tessallite-workspace/tessallite/frontend/src/components/importExport/ImportWarningAlerts.tsx": {"lines":{"total":42,"covered":42,"skipped":0,"pct":100},"functions":{"total":1,"covered":1,"skipped":0,"pct":100},"statements":{"total":42,"covered":42,"skipped":0,"pct":100},"branches":{"total":4,"covered":4,"skipped":0,"pct":100}}
,"/media/oz/work/my-code/tessallite-workspace/tessallite-workspace/tessallite/frontend/src/components/importExport/ModelImportExportDialog.tsx": {"lines":{"total":170,"covered":129,"skipped":0,"pct":75.88},"functions":{"total":4,"covered":1,"skipped":0,"pct":25},"statements":{"total":170,"covered":129,"skipped":0,"pct":75.88},"branches":{"total":10,"covered":3,"skipped":0,"pct":30}}
,"/media/oz/work/my-code/tessallite-workspace/tessallite-workspace/tessallite/frontend/src/components/importExport/ProjectImportExportDialog.tsx": {"lines":{"total":126,"covered":0,"skipped":0,"pct":0},"functions":{"total":1,"covered":0,"skipped":0,"pct":0},"statements":{"total":126,"covered":0,"skipped":0,"pct":0},"branches":{"total":1,"covered":0,"skipped":0,"pct":0}}
,"/media/oz/work/my-code/tessallite-workspace/tessallite-workspace/tessallite/frontend/src/components/importExport/helpers.ts": {"lines":{"total":87,"covered":65,"skipped":0,"pct":74.71},"functions":{"total":5,"covered":4,"skipped":0,"pct":80},"statements":{"total":87,"covered":65,"skipped":0,"pct":74.71},"branches":{"total":13,"covered":5,"skipped":0,"pct":38.46}}
,"/media/oz/work/my-code/tessallite-workspace/tessallite-workspace/tessallite/frontend/src/components/importExport/warningText.ts": {"lines":{"total":39,"covered":39,"skipped":0,"pct":100},"functions":{"total":2,"covered":2,"skipped":0,"pct":100},"statements":{"total":39,"covered":39,"skipped":0,"pct":100},"branches":{"total":11,"covered":9,"skipped":0,"pct":81.81}}
,"/media/oz/work/my-code/tessallite-workspace/tessallite-workspace/tessallite/frontend/src/components/importExport/panels/AtScaleImportPanel.tsx": {"lines":{"total":146,"covered":22,"skipped":0,"pct":15.06},"functions":{"total":1,"covered":0,"skipped":0,"pct":0},"statements":{"total":146,"covered":22,"skipped":0,"pct":15.06},"branches":{"total":0,"covered":0,"skipped":0,"pct":100}}
,"/media/oz/work/my-code/tessallite-workspace/tessallite-workspace/tessallite/frontend/src/components/importExport/panels/CatalogImportPanel.tsx": {"lines":{"total":177,"covered":33,"skipped":0,"pct":18.64},"functions":{"total":1,"covered":0,"skipped":0,"pct":0},"statements":{"total":177,"covered":33,"skipped":0,"pct":18.64},"branches":{"total":0,"covered":0,"skipped":0,"pct":100}}
,"/media/oz/work/my-code/tessallite-workspace/tessallite-workspace/tessallite/frontend/src/components/importExport/panels/CubeImportPanel.tsx": {"lines":{"total":146,"covered":22,"skipped":0,"pct":15.06},"functions":{"total":1,"covered":0,"skipped":0,"pct":0},"statements":{"total":146,"covered":22,"skipped":0,"pct":15.06},"branches":{"total":0,"covered":0,"skipped":0,"pct":100}}
,"/media/oz/work/my-code/tessallite-workspace/tessallite-workspace/tessallite/frontend/src/components/importExport/panels/DbtImportPanel.tsx": {"lines":{"total":148,"covered":143,"skipped":0,"pct":96.62},"functions":{"total":8,"covered":8,"skipped":0,"pct":100},"statements":{"total":148,"covered":143,"skipped":0,"pct":96.62},"branches":{"total":27,"covered":22,"skipped":0,"pct":81.48}}
,"/media/oz/work/my-code/tessallite-workspace/tessallite-workspace/tessallite/frontend/src/components/importExport/panels/LookMLExportPanel.tsx": {"lines":{"total":103,"covered":99,"skipped":0,"pct":96.11},"functions":{"total":7,"covered":5,"skipped":0,"pct":71.42},"statements":{"total":103,"covered":99,"skipped":0,"pct":96.11},"branches":{"total":15,"covered":13,"skipped":0,"pct":86.66}}
,"/media/oz/work/my-code/tessallite-workspace/tessallite-workspace/tessallite/frontend/src/components/importExport/panels/ModelExportPanel.tsx": {"lines":{"total":86,"covered":20,"skipped":0,"pct":23.25},"functions":{"total":1,"covered":0,"skipped":0,"pct":0},"statements":{"total":86,"covered":20,"skipped":0,"pct":23.25},"branches":{"total":0,"covered":0,"skipped":0,"pct":100}}
,"/media/oz/work/my-code/tessallite-workspace/tessallite-workspace/tessallite/frontend/src/components/importExport/panels/ModelImportPanel.tsx": {"lines":{"total":214,"covered":202,"skipped":0,"pct":94.39},"functions":{"total":10,"covered":7,"skipped":0,"pct":70},"statements":{"total":214,"covered":202,"skipped":0,"pct":94.39},"branches":{"total":37,"covered":19,"skipped":0,"pct":51.35}}
,"/media/oz/work/my-code/tessallite-workspace/tessallite-workspace/tessallite/frontend/src/components/importExport/panels/ProjectExportPanel.tsx": {"lines":{"total":178,"covered":0,"skipped":0,"pct":0},"functions":{"total":1,"covered":0,"skipped":0,"pct":0},"statements":{"total":178,"covered":0,"skipped":0,"pct":0},"branches":{"total":1,"covered":0,"skipped":0,"pct":0}}
,"/media/oz/work/my-code/tessallite-workspace/tessallite-workspace/tessallite/frontend/src/components/importExport/panels/ProjectImportPanel.tsx": {"lines":{"total":639,"covered":447,"skipped":0,"pct":69.95},"functions":{"total":20,"covered":10,"skipped":0,"pct":50},"statements":{"total":639,"covered":447,"skipped":0,"pct":69.95},"branches":{"total":97,"covered":53,"skipped":0,"pct":54.63}}
,"/media/oz/work/my-code/tessallite-workspace/tessallite-workspace/tessallite/frontend/src/components/importExport/panels/YamlExportPanel.tsx": {"lines":{"total":87,"covered":19,"skipped":0,"pct":21.83},"functions":{"total":1,"covered":0,"skipped":0,"pct":0},"statements":{"total":87,"covered":19,"skipped":0,"pct":21.83},"branches":{"total":0,"covered":0,"skipped":0,"pct":100}}
,"/media/oz/work/my-code/tessallite-workspace/tessallite-workspace/tessallite/frontend/src/components/importExport/panels/YamlImportPanel.tsx": {"lines":{"total":111,"covered":21,"skipped":0,"pct":18.91},"functions":{"total":1,"covered":0,"skipped":0,"pct":0},"statements":{"total":111,"covered":21,"skipped":0,"pct":18.91},"branches":{"total":0,"covered":0,"skipped":0,"pct":100}}
,"/media/oz/work/my-code/tessallite-workspace/tessallite-workspace/tessallite/frontend/src/constants/timeVariants.ts": {"lines":{"total":122,"covered":122,"skipped":0,"pct":100},"functions":{"total":2,"covered":2,"skipped":0,"pct":100},"statements":{"total":122,"covered":122,"skipped":0,"pct":100},"branches":{"total":2,"covered":2,"skipped":0,"pct":100}}
,"/media/oz/work/my-code/tessallite-workspace/tessallite-workspace/tessallite/frontend/src/hooks/useGlobalShortcuts.ts": {"lines":{"total":142,"covered":136,"skipped":0,"pct":95.77},"functions":{"total":3,"covered":3,"skipped":0,"pct":100},"statements":{"total":142,"covered":136,"skipped":0,"pct":95.77},"branches":{"total":50,"covered":47,"skipped":0,"pct":94}}
,"/media/oz/work/my-code/tessallite-workspace/tessallite-workspace/tessallite/frontend/src/hooks/useLanguagePreference.ts": {"lines":{"total":24,"covered":22,"skipped":0,"pct":91.66},"functions":{"total":1,"covered":1,"skipped":0,"pct":100},"statements":{"total":24,"covered":22,"skipped":0,"pct":91.66},"branches":{"total":5,"covered":4,"skipped":0,"pct":80}}
,"/media/oz/work/my-code/tessallite-workspace/tessallite-workspace/tessallite/frontend/src/hooks/useModelTranslations.ts": {"lines":{"total":34,"covered":0,"skipped":0,"pct":0},"functions":{"total":1,"covered":0,"skipped":0,"pct":0},"statements":{"total":34,"covered":0,"skipped":0,"pct":0},"branches":{"total":1,"covered":0,"skipped":0,"pct":0}}
,"/media/oz/work/my-code/tessallite-workspace/tessallite-workspace/tessallite/frontend/src/i18n/index.ts": {"lines":{"total":88,"covered":88,"skipped":0,"pct":100},"functions":{"total":115,"covered":115,"skipped":0,"pct":100},"statements":{"total":88,"covered":88,"skipped":0,"pct":100},"branches":{"total":242,"covered":239,"skipped":0,"pct":98.76}}
,"/media/oz/work/my-code/tessallite-workspace/tessallite-workspace/tessallite/frontend/src/lib/joinRules.ts": {"lines":{"total":88,"covered":84,"skipped":0,"pct":95.45},"functions":{"total":4,"covered":4,"skipped":0,"pct":100},"statements":{"total":88,"covered":84,"skipped":0,"pct":95.45},"branches":{"total":24,"covered":17,"skipped":0,"pct":70.83}}
,"/media/oz/work/my-code/tessallite-workspace/tessallite-workspace/tessallite/frontend/src/lib/markdownToHtml.ts": {"lines":{"total":52,"covered":0,"skipped":0,"pct":0},"functions":{"total":1,"covered":0,"skipped":0,"pct":0},"statements":{"total":52,"covered":0,"skipped":0,"pct":0},"branches":{"total":1,"covered":0,"skipped":0,"pct":0}}
,"/media/oz/work/my-code/tessallite-workspace/tessallite-workspace/tessallite/frontend/src/lib/variantDiff.ts": {"lines":{"total":67,"covered":0,"skipped":0,"pct":0},"functions":{"total":1,"covered":0,"skipped":0,"pct":0},"statements":{"total":67,"covered":0,"skipped":0,"pct":0},"branches":{"total":1,"covered":0,"skipped":0,"pct":0}}
,"/media/oz/work/my-code/tessallite-workspace/tessallite-workspace/tessallite/frontend/src/pages/AccessTokens.tsx": {"lines":{"total":352,"covered":331,"skipped":0,"pct":94.03},"functions":{"total":23,"covered":14,"skipped":0,"pct":60.86},"statements":{"total":352,"covered":331,"skipped":0,"pct":94.03},"branches":{"total":36,"covered":24,"skipped":0,"pct":66.66}}
,"/media/oz/work/my-code/tessallite-workspace/tessallite-workspace/tessallite/frontend/src/pages/AgentChat.tsx": {"lines":{"total":602,"covered":565,"skipped":0,"pct":93.85},"functions":{"total":27,"covered":16,"skipped":0,"pct":59.25},"statements":{"total":602,"covered":565,"skipped":0,"pct":93.85},"branches":{"total":81,"covered":65,"skipped":0,"pct":80.24}}
,"/media/oz/work/my-code/tessallite-workspace/tessallite-workspace/tessallite/frontend/src/pages/AgentLog.tsx": {"lines":{"total":835,"covered":410,"skipped":0,"pct":49.1},"functions":{"total":26,"covered":9,"skipped":0,"pct":34.61},"statements":{"total":835,"covered":410,"skipped":0,"pct":49.1},"branches":{"total":42,"covered":22,"skipped":0,"pct":52.38}}
,"/media/oz/work/my-code/tessallite-workspace/tessallite-workspace/tessallite/frontend/src/pages/AuditLog.tsx": {"lines":{"total":364,"covered":328,"skipped":0,"pct":90.1},"functions":{"total":14,"covered":6,"skipped":0,"pct":42.85},"statements":{"total":364,"covered":328,"skipped":0,"pct":90.1},"branches":{"total":35,"covered":23,"skipped":0,"pct":65.71}}
,"/media/oz/work/my-code/tessallite-workspace/tessallite-workspace/tessallite/frontend/src/pages/Connections.tsx": {"lines":{"total":273,"covered":0,"skipped":0,"pct":0},"functions":{"total":1,"covered":0,"skipped":0,"pct":0},"statements":{"total":273,"covered":0,"skipped":0,"pct":0},"branches":{"total":1,"covered":0,"skipped":0,"pct":0}}
,"/media/oz/work/my-code/tessallite-workspace/tessallite-workspace/tessallite/frontend/src/pages/Explorer.tsx": {"lines":{"total":1318,"covered":1095,"skipped":0,"pct":83.08},"functions":{"total":73,"covered":12,"skipped":0,"pct":16.43},"statements":{"total":1318,"covered":1095,"skipped":0,"pct":83.08},"branches":{"total":129,"covered":90,"skipped":0,"pct":69.76}}
,"/media/oz/work/my-code/tessallite-workspace/tessallite-workspace/tessallite/frontend/src/pages/GroupMappings.tsx": {"lines":{"total":242,"covered":0,"skipped":0,"pct":0},"functions":{"total":1,"covered":0,"skipped":0,"pct":0},"statements":{"total":242,"covered":0,"skipped":0,"pct":0},"branches":{"total":1,"covered":0,"skipped":0,"pct":0}}
,"/media/oz/work/my-code/tessallite-workspace/tessallite-workspace/tessallite/frontend/src/pages/LicenseEdition.tsx": {"lines":{"total":67,"covered":67,"skipped":0,"pct":100},"functions":{"total":1,"covered":1,"skipped":0,"pct":100},"statements":{"total":67,"covered":67,"skipped":0,"pct":100},"branches":{"total":2,"covered":2,"skipped":0,"pct":100}}
,"/media/oz/work/my-code/tessallite-workspace/tessallite-workspace/tessallite/frontend/src/pages/Login.tsx": {"lines":{"total":354,"covered":242,"skipped":0,"pct":68.36},"functions":{"total":12,"covered":3,"skipped":0,"pct":25},"statements":{"total":354,"covered":242,"skipped":0,"pct":68.36},"branches":{"total":35,"covered":24,"skipped":0,"pct":68.57}}
,"/media/oz/work/my-code/tessallite-workspace/tessallite-workspace/tessallite/frontend/src/pages/ModelBuilder.tsx": {"lines":{"total":1080,"covered":734,"skipped":0,"pct":67.96},"functions":{"total":48,"covered":6,"skipped":0,"pct":12.5},"statements":{"total":1080,"covered":734,"skipped":0,"pct":67.96},"branches":{"total":137,"covered":59,"skipped":0,"pct":43.06}}
,"/media/oz/work/my-code/tessallite-workspace/tessallite-workspace/tessallite/frontend/src/pages/PublicGlossary.tsx": {"lines":{"total":214,"covered":0,"skipped":0,"pct":0},"functions":{"total":1,"covered":0,"skipped":0,"pct":0},"statements":{"total":214,"covered":0,"skipped":0,"pct":0},"branches":{"total":1,"covered":0,"skipped":0,"pct":0}}
,"/media/oz/work/my-code/tessallite-workspace/tessallite-workspace/tessallite/frontend/src/pages/SsoCallback.tsx": {"lines":{"total":61,"covered":0,"skipped":0,"pct":0},"functions":{"total":1,"covered":0,"skipped":0,"pct":0},"statements":{"total":61,"covered":0,"skipped":0,"pct":0},"branches":{"total":1,"covered":0,"skipped":0,"pct":0}}
,"/media/oz/work/my-code/tessallite-workspace/tessallite-workspace/tessallite/frontend/src/pages/SystemAdmin.tsx": {"lines":{"total":827,"covered":0,"skipped":0,"pct":0},"functions":{"total":1,"covered":0,"skipped":0,"pct":0},"statements":{"total":827,"covered":0,"skipped":0,"pct":0},"branches":{"total":1,"covered":0,"skipped":0,"pct":0}}
,"/media/oz/work/my-code/tessallite-workspace/tessallite-workspace/tessallite/frontend/src/pages/SystemConfiguration.tsx": {"lines":{"total":27,"covered":0,"skipped":0,"pct":0},"functions":{"total":1,"covered":0,"skipped":0,"pct":0},"statements":{"total":27,"covered":0,"skipped":0,"pct":0},"branches":{"total":1,"covered":0,"skipped":0,"pct":0}}
,"/media/oz/work/my-code/tessallite-workspace/tessallite-workspace/tessallite/frontend/src/pages/TenantAdmin.tsx": {"lines":{"total":1196,"covered":700,"skipped":0,"pct":58.52},"functions":{"total":64,"covered":13,"skipped":0,"pct":20.31},"statements":{"total":1196,"covered":700,"skipped":0,"pct":58.52},"branches":{"total":91,"covered":38,"skipped":0,"pct":41.75}}
,"/media/oz/work/my-code/tessallite-workspace/tessallite-workspace/tessallite/frontend/src/pages/Webhooks.tsx": {"lines":{"total":773,"covered":602,"skipped":0,"pct":77.87},"functions":{"total":45,"covered":26,"skipped":0,"pct":57.77},"statements":{"total":773,"covered":602,"skipped":0,"pct":77.87},"branches":{"total":79,"covered":59,"skipped":0,"pct":74.68}}
,"/media/oz/work/my-code/tessallite-workspace/tessallite-workspace/tessallite/frontend/src/store/builderStore.ts": {"lines":{"total":440,"covered":435,"skipped":0,"pct":98.86},"functions":{"total":36,"covered":35,"skipped":0,"pct":97.22},"statements":{"total":440,"covered":435,"skipped":0,"pct":98.86},"branches":{"total":65,"covered":57,"skipped":0,"pct":87.69}}
,"/media/oz/work/my-code/tessallite-workspace/tessallite-workspace/tessallite/frontend/src/store/historyApplyGuard.ts": {"lines":{"total":27,"covered":25,"skipped":0,"pct":92.59},"functions":{"total":3,"covered":2,"skipped":0,"pct":66.66},"statements":{"total":27,"covered":25,"skipped":0,"pct":92.59},"branches":{"total":2,"covered":2,"skipped":0,"pct":100}}
,"/media/oz/work/my-code/tessallite-workspace/tessallite-workspace/tessallite/frontend/src/store/useModelEditorStore.ts": {"lines":{"total":186,"covered":186,"skipped":0,"pct":100},"functions":{"total":8,"covered":8,"skipped":0,"pct":100},"statements":{"total":186,"covered":186,"skipped":0,"pct":100},"branches":{"total":36,"covered":36,"skipped":0,"pct":100}}
,"/media/oz/work/my-code/tessallite-workspace/tessallite-workspace/tessallite/frontend/src/test/workerSizing.ts": {"lines":{"total":73,"covered":73,"skipped":0,"pct":100},"functions":{"total":2,"covered":2,"skipped":0,"pct":100},"statements":{"total":73,"covered":73,"skipped":0,"pct":100},"branches":{"total":2,"covered":2,"skipped":0,"pct":100}}
,"/media/oz/work/my-code/tessallite-workspace/tessallite-workspace/tessallite/frontend/src/theme/direction.ts": {"lines":{"total":8,"covered":8,"skipped":0,"pct":100},"functions":{"total":1,"covered":1,"skipped":0,"pct":100},"statements":{"total":8,"covered":8,"skipped":0,"pct":100},"branches":{"total":5,"covered":5,"skipped":0,"pct":100}}
,"/media/oz/work/my-code/tessallite-workspace/tessallite-workspace/tessallite/frontend/src/theme/echartsTheme.ts": {"lines":{"total":229,"covered":226,"skipped":0,"pct":98.68},"functions":{"total":1,"covered":0,"skipped":0,"pct":0},"statements":{"total":229,"covered":226,"skipped":0,"pct":98.68},"branches":{"total":0,"covered":0,"skipped":0,"pct":100}}
,"/media/oz/work/my-code/tessallite-workspace/tessallite-workspace/tessallite/frontend/src/theme/tokens.ts": {"lines":{"total":149,"covered":149,"skipped":0,"pct":100},"functions":{"total":1,"covered":1,"skipped":0,"pct":100},"statements":{"total":149,"covered":149,"skipped":0,"pct":100},"branches":{"total":18,"covered":18,"skipped":0,"pct":100}}
,"/media/oz/work/my-code/tessallite-workspace/tessallite-workspace/tessallite/frontend/src/utils/brandingEvents.ts": {"lines":{"total":14,"covered":14,"skipped":0,"pct":100},"functions":{"total":0,"covered":0,"skipped":0,"pct":100},"statements":{"total":14,"covered":14,"skipped":0,"pct":100},"branches":{"total":0,"covered":0,"skipped":0,"pct":100}}
,"/media/oz/work/my-code/tessallite-workspace/tessallite-workspace/tessallite/frontend/src/utils/extractApiError.ts": {"lines":{"total":27,"covered":27,"skipped":0,"pct":100},"functions":{"total":1,"covered":1,"skipped":0,"pct":100},"statements":{"total":27,"covered":27,"skipped":0,"pct":100},"branches":{"total":24,"covered":23,"skipped":0,"pct":95.83}}
,"/media/oz/work/my-code/tessallite-workspace/tessallite-workspace/tessallite/frontend/src/utils/namedQueryHealth.ts": {"lines":{"total":78,"covered":78,"skipped":0,"pct":100},"functions":{"total":2,"covered":2,"skipped":0,"pct":100},"statements":{"total":78,"covered":78,"skipped":0,"pct":100},"branches":{"total":16,"covered":16,"skipped":0,"pct":100}}
,"/media/oz/work/my-code/tessallite-workspace/tessallite-workspace/tessallite/frontend/src/utils/rowSecurity.ts": {"lines":{"total":41,"covered":41,"skipped":0,"pct":100},"functions":{"total":3,"covered":3,"skipped":0,"pct":100},"statements":{"total":41,"covered":41,"skipped":0,"pct":100},"branches":{"total":8,"covered":8,"skipped":0,"pct":100}}
,"/media/oz/work/my-code/tessallite-workspace/tessallite-workspace/tessallite/frontend/src/utils/runStatus.ts": {"lines":{"total":38,"covered":38,"skipped":0,"pct":100},"functions":{"total":1,"covered":1,"skipped":0,"pct":100},"statements":{"total":38,"covered":38,"skipped":0,"pct":100},"branches":{"total":8,"covered":8,"skipped":0,"pct":100}}
,"/media/oz/work/my-code/tessallite-workspace/tessallite-workspace/tessallite/frontend/src/utils/safeLocalStorage.ts": {"lines":{"total":35,"covered":25,"skipped":0,"pct":71.42},"functions":{"total":4,"covered":4,"skipped":0,"pct":100},"statements":{"total":35,"covered":25,"skipped":0,"pct":71.42},"branches":{"total":11,"covered":7,"skipped":0,"pct":63.63}}
,"/media/oz/work/my-code/tessallite-workspace/tessallite-workspace/tessallite/frontend/src/utils/sanitize.ts": {"lines":{"total":47,"covered":47,"skipped":0,"pct":100},"functions":{"total":2,"covered":2,"skipped":0,"pct":100},"statements":{"total":47,"covered":47,"skipped":0,"pct":100},"branches":{"total":10,"covered":10,"skipped":0,"pct":100}}
}
